Jun 03 12:41:27 ::1 (pid 9964) :Pri:ERREUR: Table 'spip_portfolio.spip_forum' doesn't exist - SHOW CREATE TABLE `spip_forum`
Jun 03 12:41:27 ::1 (pid 9964) :Pri:ERREUR: Table 'spip_portfolio.spip_mots' doesn't exist - SHOW CREATE TABLE `spip_mots`
Jun 03 12:41:27 ::1 (pid 9964) :Pri:ERREUR: Table 'spip_portfolio.spip_groupes_mots' doesn't exist - SHOW CREATE TABLE `spip_groupes_mots`
Jun 03 12:41:27 ::1 (pid 9964) :Pri:ERREUR: Table 'spip_portfolio.spip_messages' doesn't exist - SHOW CREATE TABLE `spip_messages`
Jun 03 12:41:27 ::1 (pid 9964) :Pri:ERREUR: Table 'spip_portfolio.spip_petitions' doesn't exist - SHOW CREATE TABLE `spip_petitions`
Jun 03 12:41:27 ::1 (pid 9964) :Pri:ERREUR: Table 'spip_portfolio.spip_signatures' doesn't exist - SHOW CREATE TABLE `spip_signatures`
Jun 03 12:41:27 ::1 (pid 9964) :Pri:ERREUR: Table 'spip_portfolio.spip_syndic' doesn't exist - SHOW CREATE TABLE `spip_syndic`
Jun 03 12:41:27 ::1 (pid 9964) :Pri:ERREUR: Table 'spip_portfolio.spip_syndic_articles' doesn't exist - SHOW CREATE TABLE `spip_syndic_articles`
Jun 03 12:41:27 ::1 (pid 9964) :Pri:ERREUR: Table 'spip_portfolio.spip_depots' doesn't exist - SHOW CREATE TABLE `spip_depots`
Jun 03 12:41:27 ::1 (pid 9964) :Pri:ERREUR: Table 'spip_portfolio.spip_plugins' doesn't exist - SHOW CREATE TABLE `spip_plugins`
Jun 03 12:41:27 ::1 (pid 9964) :Pri:ERREUR: Table 'spip_portfolio.spip_paquets' doesn't exist - SHOW CREATE TABLE `spip_paquets`
Jun 03 12:41:27 ::1 (pid 9964) :Pri:ERREUR: Table 'spip_portfolio.spip_breves' doesn't exist - SHOW CREATE TABLE `spip_breves`
Jun 03 12:41:27 ::1 (pid 9964) :Pri:ERREUR: Table 'spip_portfolio.spip_documents' doesn't exist - SHOW CREATE TABLE `spip_documents`
Jun 03 12:41:28 ::1 (pid 9964) :Pri:ERREUR: Table 'spip_portfolio.spip_forum' doesn't exist - SHOW CREATE TABLE `spip_forum`
Jun 03 12:41:28 ::1 (pid 9964) :Pri:ERREUR: Table 'spip_portfolio.spip_mots' doesn't exist - SHOW CREATE TABLE `spip_mots`
Jun 03 12:41:28 ::1 (pid 9964) :Pri:ERREUR: Table 'spip_portfolio.spip_groupes_mots' doesn't exist - SHOW CREATE TABLE `spip_groupes_mots`
Jun 03 12:41:28 ::1 (pid 9964) :Pri:ERREUR: Table 'spip_portfolio.spip_messages' doesn't exist - SHOW CREATE TABLE `spip_messages`
Jun 03 12:41:28 ::1 (pid 9964) :Pri:ERREUR: Table 'spip_portfolio.spip_petitions' doesn't exist - SHOW CREATE TABLE `spip_petitions`
Jun 03 12:41:28 ::1 (pid 9964) :Pri:ERREUR: Table 'spip_portfolio.spip_signatures' doesn't exist - SHOW CREATE TABLE `spip_signatures`
Jun 03 12:41:28 ::1 (pid 9964) :Pri:ERREUR: Table 'spip_portfolio.spip_syndic' doesn't exist - SHOW CREATE TABLE `spip_syndic`
Jun 03 12:41:28 ::1 (pid 9964) :Pri:ERREUR: Table 'spip_portfolio.spip_syndic_articles' doesn't exist - SHOW CREATE TABLE `spip_syndic_articles`
Jun 03 12:41:28 ::1 (pid 9964) :Pri:ERREUR: Table 'spip_portfolio.spip_depots' doesn't exist - SHOW CREATE TABLE `spip_depots`
Jun 03 12:41:28 ::1 (pid 9964) :Pri:ERREUR: Table 'spip_portfolio.spip_plugins' doesn't exist - SHOW CREATE TABLE `spip_plugins`
Jun 03 12:41:28 ::1 (pid 9964) :Pri:ERREUR: Table 'spip_portfolio.spip_paquets' doesn't exist - SHOW CREATE TABLE `spip_paquets`
Jun 03 12:41:28 ::1 (pid 9964) :Pri:ERREUR: Table 'spip_portfolio.spip_breves' doesn't exist - SHOW CREATE TABLE `spip_breves`
Jun 03 12:41:28 ::1 (pid 9964) :Pri:ERREUR: Table 'spip_portfolio.spip_documents' doesn't exist - SHOW CREATE TABLE `spip_documents`
Jun 03 12:41:28 ::1 (pid 9964) :Pri:ERREUR: Table 'spip_portfolio.spip_forum' doesn't exist - SHOW CREATE TABLE `spip_forum`
Jun 03 12:41:28 ::1 (pid 9964) :Pri:ERREUR: Table 'spip_portfolio.spip_forum' doesn't exist - SHOW CREATE TABLE `spip_forum`
Jun 03 12:41:28 ::1 (pid 9964) :Pri:ERREUR: Table 'spip_portfolio.spip_mots' doesn't exist - SHOW CREATE TABLE `spip_mots`
Jun 03 12:41:28 ::1 (pid 9964) :Pri:ERREUR: Table 'spip_portfolio.spip_groupes_mots' doesn't exist - SHOW CREATE TABLE `spip_groupes_mots`
Jun 03 12:41:28 ::1 (pid 9964) :Pri:ERREUR: Table 'spip_portfolio.spip_messages' doesn't exist - SHOW CREATE TABLE `spip_messages`
Jun 03 12:41:28 ::1 (pid 9964) :Pri:ERREUR: Table 'spip_portfolio.spip_petitions' doesn't exist - SHOW CREATE TABLE `spip_petitions`
Jun 03 12:41:28 ::1 (pid 9964) :Pri:ERREUR: Table 'spip_portfolio.spip_signatures' doesn't exist - SHOW CREATE TABLE `spip_signatures`
Jun 03 12:41:28 ::1 (pid 9964) :Pri:ERREUR: Table 'spip_portfolio.spip_syndic' doesn't exist - SHOW CREATE TABLE `spip_syndic`
Jun 03 12:41:28 ::1 (pid 9964) :Pri:ERREUR: Table 'spip_portfolio.spip_syndic_articles' doesn't exist - SHOW CREATE TABLE `spip_syndic_articles`
Jun 03 12:41:28 ::1 (pid 9964) :Pri:ERREUR: Table 'spip_portfolio.spip_depots' doesn't exist - SHOW CREATE TABLE `spip_depots`
Jun 03 12:41:28 ::1 (pid 9964) :Pri:ERREUR: Table 'spip_portfolio.spip_plugins' doesn't exist - SHOW CREATE TABLE `spip_plugins`
Jun 03 12:41:28 ::1 (pid 9964) :Pri:ERREUR: Table 'spip_portfolio.spip_paquets' doesn't exist - SHOW CREATE TABLE `spip_paquets`
Jun 03 12:41:28 ::1 (pid 9964) :Pri:ERREUR: Table 'spip_portfolio.spip_breves' doesn't exist - SHOW CREATE TABLE `spip_breves`
Jun 03 12:41:28 ::1 (pid 9964) :Pri:ERREUR: Table 'spip_portfolio.spip_documents' doesn't exist - SHOW CREATE TABLE `spip_documents`
Jun 03 12:41:28 ::1 (pid 9964) :Pri:ERREUR: Table 'spip_portfolio.spip_mots' doesn't exist - SHOW CREATE TABLE `spip_mots`
Jun 03 12:41:28 ::1 (pid 9964) :Pri:ERREUR: Table 'spip_portfolio.spip_mots' doesn't exist - SHOW CREATE TABLE `spip_mots`
Jun 03 12:41:28 ::1 (pid 9964) :Pri:ERREUR: Table 'spip_portfolio.spip_groupes_mots' doesn't exist - SHOW CREATE TABLE `spip_groupes_mots`
Jun 03 12:41:28 ::1 (pid 9964) :Pri:ERREUR: Table 'spip_portfolio.spip_mots_liens' doesn't exist - SHOW CREATE TABLE `spip_mots_liens`
Jun 03 12:41:29 ::1 (pid 9964) :Pri:ERREUR: Table 'spip_portfolio.spip_messages' doesn't exist - SHOW CREATE TABLE `spip_messages`
Jun 03 12:41:29 ::1 (pid 9964) :Pri:ERREUR: Table 'spip_portfolio.spip_petitions' doesn't exist - SHOW CREATE TABLE `spip_petitions`
Jun 03 12:41:29 ::1 (pid 9964) :Pri:ERREUR: Table 'spip_portfolio.spip_signatures' doesn't exist - SHOW CREATE TABLE `spip_signatures`
Jun 03 12:41:29 ::1 (pid 9964) :Pri:ERREUR: Table 'spip_portfolio.spip_syndic' doesn't exist - SHOW CREATE TABLE `spip_syndic`
Jun 03 12:41:29 ::1 (pid 9964) :Pri:ERREUR: Table 'spip_portfolio.spip_syndic_articles' doesn't exist - SHOW CREATE TABLE `spip_syndic_articles`
Jun 03 12:41:29 ::1 (pid 9964) :Pri:ERREUR: Table 'spip_portfolio.spip_depots' doesn't exist - SHOW CREATE TABLE `spip_depots`
Jun 03 12:41:29 ::1 (pid 9964) :Pri:ERREUR: Table 'spip_portfolio.spip_plugins' doesn't exist - SHOW CREATE TABLE `spip_plugins`
Jun 03 12:41:29 ::1 (pid 9964) :Pri:ERREUR: Table 'spip_portfolio.spip_paquets' doesn't exist - SHOW CREATE TABLE `spip_paquets`
Jun 03 12:41:29 ::1 (pid 9964) :Pri:ERREUR: Table 'spip_portfolio.spip_breves' doesn't exist - SHOW CREATE TABLE `spip_breves`
Jun 03 12:41:29 ::1 (pid 9964) :Pri:ERREUR: Table 'spip_portfolio.spip_documents' doesn't exist - SHOW CREATE TABLE `spip_documents`
Jun 03 12:41:29 ::1 (pid 9964) :Pri:ERREUR: Table 'spip_portfolio.spip_messages' doesn't exist - SHOW CREATE TABLE `spip_messages`
Jun 03 12:41:29 ::1 (pid 9964) :Pri:ERREUR: Table 'spip_portfolio.spip_messages' doesn't exist - SHOW CREATE TABLE `spip_messages`
Jun 03 12:41:29 ::1 (pid 9964) :Pri:ERREUR: Table 'spip_portfolio.spip_petitions' doesn't exist - SHOW CREATE TABLE `spip_petitions`
Jun 03 12:41:29 ::1 (pid 9964) :Pri:ERREUR: Table 'spip_portfolio.spip_signatures' doesn't exist - SHOW CREATE TABLE `spip_signatures`
Jun 03 12:41:29 ::1 (pid 9964) :Pri:ERREUR: Table 'spip_portfolio.spip_syndic' doesn't exist - SHOW CREATE TABLE `spip_syndic`
Jun 03 12:41:29 ::1 (pid 9964) :Pri:ERREUR: Table 'spip_portfolio.spip_syndic_articles' doesn't exist - SHOW CREATE TABLE `spip_syndic_articles`
Jun 03 12:41:29 ::1 (pid 9964) :Pri:ERREUR: Table 'spip_portfolio.spip_depots' doesn't exist - SHOW CREATE TABLE `spip_depots`
Jun 03 12:41:29 ::1 (pid 9964) :Pri:ERREUR: Table 'spip_portfolio.spip_plugins' doesn't exist - SHOW CREATE TABLE `spip_plugins`
Jun 03 12:41:29 ::1 (pid 9964) :Pri:ERREUR: Table 'spip_portfolio.spip_paquets' doesn't exist - SHOW CREATE TABLE `spip_paquets`
Jun 03 12:41:29 ::1 (pid 9964) :Pri:ERREUR: Table 'spip_portfolio.spip_breves' doesn't exist - SHOW CREATE TABLE `spip_breves`
Jun 03 12:41:29 ::1 (pid 9964) :Pri:ERREUR: Table 'spip_portfolio.spip_documents' doesn't exist - SHOW CREATE TABLE `spip_documents`
Jun 03 12:41:29 ::1 (pid 9964) :Pri:ERREUR: Table 'spip_portfolio.spip_signatures' doesn't exist - SHOW CREATE TABLE `spip_signatures`
Jun 03 12:41:29 ::1 (pid 9964) :Pri:ERREUR: Table 'spip_portfolio.spip_petitions' doesn't exist - SHOW CREATE TABLE `spip_petitions`
Jun 03 12:41:29 ::1 (pid 9964) :Pri:ERREUR: Table 'spip_portfolio.spip_signatures' doesn't exist - SHOW CREATE TABLE `spip_signatures`
Jun 03 12:41:29 ::1 (pid 9964) :Pri:ERREUR: Table 'spip_portfolio.spip_syndic' doesn't exist - SHOW CREATE TABLE `spip_syndic`
Jun 03 12:41:29 ::1 (pid 9964) :Pri:ERREUR: Table 'spip_portfolio.spip_syndic_articles' doesn't exist - SHOW CREATE TABLE `spip_syndic_articles`
Jun 03 12:41:29 ::1 (pid 9964) :Pri:ERREUR: Table 'spip_portfolio.spip_depots' doesn't exist - SHOW CREATE TABLE `spip_depots`
Jun 03 12:41:29 ::1 (pid 9964) :Pri:ERREUR: Table 'spip_portfolio.spip_plugins' doesn't exist - SHOW CREATE TABLE `spip_plugins`
Jun 03 12:41:29 ::1 (pid 9964) :Pri:ERREUR: Table 'spip_portfolio.spip_paquets' doesn't exist - SHOW CREATE TABLE `spip_paquets`
Jun 03 12:41:29 ::1 (pid 9964) :Pri:ERREUR: Table 'spip_portfolio.spip_breves' doesn't exist - SHOW CREATE TABLE `spip_breves`
Jun 03 12:41:29 ::1 (pid 9964) :Pri:ERREUR: Table 'spip_portfolio.spip_documents' doesn't exist - SHOW CREATE TABLE `spip_documents`
Jun 03 12:41:29 ::1 (pid 9964) :Pri:ERREUR: Table 'spip_portfolio.spip_versions' doesn't exist - SHOW CREATE TABLE `spip_versions`
Jun 03 12:41:29 ::1 (pid 9964) :Pri:ERREUR: Table 'spip_portfolio.spip_versions' doesn't exist - SHOW CREATE TABLE `spip_versions`
Jun 03 12:41:29 ::1 (pid 9964) :Pri:ERREUR: Table 'spip_portfolio.spip_versions_fragments' doesn't exist - SHOW CREATE TABLE `spip_versions_fragments`
Jun 03 12:41:30 ::1 (pid 9964) :Pri:ERREUR: Table 'spip_portfolio.spip_syndic' doesn't exist - SHOW CREATE TABLE `spip_syndic`
Jun 03 12:41:30 ::1 (pid 9964) :Pri:ERREUR: Table 'spip_portfolio.spip_syndic_articles' doesn't exist - SHOW CREATE TABLE `spip_syndic_articles`
Jun 03 12:41:30 ::1 (pid 9964) :Pri:ERREUR: Table 'spip_portfolio.spip_depots' doesn't exist - SHOW CREATE TABLE `spip_depots`
Jun 03 12:41:30 ::1 (pid 9964) :Pri:ERREUR: Table 'spip_portfolio.spip_plugins' doesn't exist - SHOW CREATE TABLE `spip_plugins`
Jun 03 12:41:30 ::1 (pid 9964) :Pri:ERREUR: Table 'spip_portfolio.spip_paquets' doesn't exist - SHOW CREATE TABLE `spip_paquets`
Jun 03 12:41:30 ::1 (pid 9964) :Pri:ERREUR: Table 'spip_portfolio.spip_breves' doesn't exist - SHOW CREATE TABLE `spip_breves`
Jun 03 12:41:30 ::1 (pid 9964) :Pri:ERREUR: Table 'spip_portfolio.spip_documents' doesn't exist - SHOW CREATE TABLE `spip_documents`
Jun 03 12:41:30 ::1 (pid 9964) :Pri:ERREUR: Table 'spip_portfolio.spip_syndic' doesn't exist - SHOW CREATE TABLE `spip_syndic`
Jun 03 12:41:30 ::1 (pid 9964) :Pri:ERREUR: Table 'spip_portfolio.spip_syndic_articles' doesn't exist - SHOW CREATE TABLE `spip_syndic_articles`
Jun 03 12:41:30 ::1 (pid 9964) :Pri:ERREUR: Table 'spip_portfolio.spip_depots' doesn't exist - SHOW CREATE TABLE `spip_depots`
Jun 03 12:41:30 ::1 (pid 9964) :Pri:ERREUR: Table 'spip_portfolio.spip_plugins' doesn't exist - SHOW CREATE TABLE `spip_plugins`
Jun 03 12:41:30 ::1 (pid 9964) :Pri:ERREUR: Table 'spip_portfolio.spip_paquets' doesn't exist - SHOW CREATE TABLE `spip_paquets`
Jun 03 12:41:30 ::1 (pid 9964) :Pri:ERREUR: Table 'spip_portfolio.spip_breves' doesn't exist - SHOW CREATE TABLE `spip_breves`
Jun 03 12:41:30 ::1 (pid 9964) :Pri:ERREUR: Table 'spip_portfolio.spip_documents' doesn't exist - SHOW CREATE TABLE `spip_documents`
Jun 03 12:41:30 ::1 (pid 9964) :Pri:ERREUR: Table 'spip_portfolio.spip_syndic' doesn't exist - SHOW CREATE TABLE `spip_syndic`
Jun 03 12:41:30 ::1 (pid 9964) :Pri:ERREUR: Table 'spip_portfolio.spip_syndic' doesn't exist - SHOW CREATE TABLE `spip_syndic`
Jun 03 12:41:30 ::1 (pid 9964) :Pri:ERREUR: Table 'spip_portfolio.spip_syndic_articles' doesn't exist - SHOW CREATE TABLE `spip_syndic_articles`
Jun 03 12:41:30 ::1 (pid 9964) :Pri:ERREUR: Table 'spip_portfolio.spip_depots' doesn't exist - SHOW CREATE TABLE `spip_depots`
Jun 03 12:41:30 ::1 (pid 9964) :Pri:ERREUR: Table 'spip_portfolio.spip_plugins' doesn't exist - SHOW CREATE TABLE `spip_plugins`
Jun 03 12:41:30 ::1 (pid 9964) :Pri:ERREUR: Table 'spip_portfolio.spip_paquets' doesn't exist - SHOW CREATE TABLE `spip_paquets`
Jun 03 12:41:30 ::1 (pid 9964) :Pri:ERREUR: Table 'spip_portfolio.spip_breves' doesn't exist - SHOW CREATE TABLE `spip_breves`
Jun 03 12:41:30 ::1 (pid 9964) :Pri:ERREUR: Table 'spip_portfolio.spip_documents' doesn't exist - SHOW CREATE TABLE `spip_documents`
Jun 03 12:41:30 ::1 (pid 9964) :Pri:ERREUR: Table 'spip_portfolio.spip_visites' doesn't exist - SHOW CREATE TABLE `spip_visites`
Jun 03 12:41:30 ::1 (pid 9964) :Pri:ERREUR: Table 'spip_portfolio.spip_visites' doesn't exist - SHOW CREATE TABLE `spip_visites`
Jun 03 12:41:30 ::1 (pid 9964) :Pri:ERREUR: Table 'spip_portfolio.spip_visites_articles' doesn't exist - SHOW CREATE TABLE `spip_visites_articles`
Jun 03 12:41:30 ::1 (pid 9964) :Pri:ERREUR: Table 'spip_portfolio.spip_referers' doesn't exist - SHOW CREATE TABLE `spip_referers`
Jun 03 12:41:30 ::1 (pid 9964) :Pri:ERREUR: Table 'spip_portfolio.spip_referers_articles' doesn't exist - SHOW CREATE TABLE `spip_referers_articles`
Jun 03 12:41:30 ::1 (pid 9964) :Pri:ERREUR: Table 'spip_portfolio.spip_depots' doesn't exist - SHOW CREATE TABLE `spip_depots`
Jun 03 12:41:30 ::1 (pid 9964) :Pri:ERREUR: Table 'spip_portfolio.spip_plugins' doesn't exist - SHOW CREATE TABLE `spip_plugins`
Jun 03 12:41:30 ::1 (pid 9964) :Pri:ERREUR: Table 'spip_portfolio.spip_paquets' doesn't exist - SHOW CREATE TABLE `spip_paquets`
Jun 03 12:41:30 ::1 (pid 9964) :Pri:ERREUR: Table 'spip_portfolio.spip_breves' doesn't exist - SHOW CREATE TABLE `spip_breves`
Jun 03 12:41:30 ::1 (pid 9964) :Pri:ERREUR: Table 'spip_portfolio.spip_documents' doesn't exist - SHOW CREATE TABLE `spip_documents`
Jun 03 12:41:30 ::1 (pid 9964) :Pri:ERREUR: Table 'spip_portfolio.spip_depots' doesn't exist - SHOW CREATE TABLE `spip_depots`
Jun 03 12:41:30 ::1 (pid 9964) :Pri:ERREUR: Table 'spip_portfolio.spip_plugins' doesn't exist - SHOW CREATE TABLE `spip_plugins`
Jun 03 12:41:30 ::1 (pid 9964) :Pri:ERREUR: Table 'spip_portfolio.spip_paquets' doesn't exist - SHOW CREATE TABLE `spip_paquets`
Jun 03 12:41:30 ::1 (pid 9964) :Pri:ERREUR: Table 'spip_portfolio.spip_depots_plugins' doesn't exist - SHOW CREATE TABLE `spip_depots_plugins`
Jun 04 15:28:51 ::1 (pid 9964) :Pub:ERREUR: Table 'spip_portfolio.article' doesn't exist - SHOW CREATE TABLE `ARTICLE`
