Jun 03 12:36:59 ::1 (pid 9964) :Pub:!INFO: spip_connect: fichier de connexion '' non trouve
Jun 03 12:40:00 ::1 (pid 9964) :Pri:!INFO: spip_connect: fichier de connexion '' non trouve
Jun 03 12:40:00 ::1 (pid 9964) :Pri:ERREUR: fonction execute_pipeline_declarer_tables_principales absente : pipeline desactive
Jun 03 12:40:00 ::1 (pid 9964) :Pri:ERREUR: fonction execute_pipeline_declarer_tables_auxiliaires absente : pipeline desactive
Jun 03 12:40:00 ::1 (pid 9964) :Pri:ERREUR: fonction execute_pipeline_declarer_tables_objets_sql absente : pipeline desactive
Jun 03 12:40:00 ::1 (pid 9964) :Pri:ERREUR: fonction execute_pipeline_declarer_tables_interfaces absente : pipeline desactive
Jun 03 12:40:00 ::1 (pid 9964) :Pri:ERREUR: fonction execute_pipeline_declarer_type_surnoms absente : pipeline desactive
Jun 03 12:40:03 ::1 (pid 9964) :Pri:ERREUR: fonction execute_pipeline_declarer_tables_principales absente : pipeline desactive
Jun 03 12:40:03 ::1 (pid 9964) :Pri:ERREUR: fonction execute_pipeline_declarer_tables_auxiliaires absente : pipeline desactive
Jun 03 12:40:03 ::1 (pid 9964) :Pri:ERREUR: fonction execute_pipeline_declarer_tables_objets_sql absente : pipeline desactive
Jun 03 12:40:03 ::1 (pid 9964) :Pri:ERREUR: fonction execute_pipeline_declarer_tables_interfaces absente : pipeline desactive
Jun 03 12:40:03 ::1 (pid 9964) :Pri:ERREUR: fonction execute_pipeline_declarer_type_surnoms absente : pipeline desactive
Jun 03 12:40:03 ::1 (pid 9964) :Pri:ERREUR: fonction execute_pipeline_declarer_tables_principales absente : pipeline desactive
Jun 03 12:40:03 ::1 (pid 9964) :Pri:ERREUR: fonction execute_pipeline_declarer_tables_auxiliaires absente : pipeline desactive
Jun 03 12:40:03 ::1 (pid 9964) :Pri:ERREUR: fonction execute_pipeline_declarer_tables_objets_sql absente : pipeline desactive
Jun 03 12:40:03 ::1 (pid 9964) :Pri:ERREUR: fonction execute_pipeline_declarer_tables_interfaces absente : pipeline desactive
Jun 03 12:40:03 ::1 (pid 9964) :Pri:ERREUR: fonction execute_pipeline_declarer_type_surnoms absente : pipeline desactive
Jun 03 12:40:03 ::1 (pid 9964) :Pri:ERREUR: fonction execute_pipeline_pre_typo absente : pipeline desactive
Jun 03 12:40:03 ::1 (pid 9964) :Pri:ERREUR: fonction execute_pipeline_post_typo absente : pipeline desactive
Jun 03 12:40:03 ::1 (pid 9964) :Pri:ERREUR: fonction execute_pipeline_pre_typo absente : pipeline desactive
Jun 03 12:40:03 ::1 (pid 9964) :Pri:ERREUR: fonction execute_pipeline_post_typo absente : pipeline desactive
Jun 03 12:40:03 ::1 (pid 9964) :Pri:ERREUR: fonction execute_pipeline_pre_typo absente : pipeline desactive
Jun 03 12:40:03 ::1 (pid 9964) :Pri:ERREUR: fonction execute_pipeline_post_typo absente : pipeline desactive
Jun 03 12:40:03 ::1 (pid 9964) :Pri:ERREUR: fonction execute_pipeline_pre_typo absente : pipeline desactive
Jun 03 12:40:03 ::1 (pid 9964) :Pri:ERREUR: fonction execute_pipeline_post_typo absente : pipeline desactive
Jun 03 12:40:03 ::1 (pid 9964) :Pri:ERREUR: fonction execute_pipeline_pre_typo absente : pipeline desactive
Jun 03 12:40:03 ::1 (pid 9964) :Pri:ERREUR: fonction execute_pipeline_post_typo absente : pipeline desactive
Jun 03 12:40:03 ::1 (pid 9964) :Pri:ERREUR: fonction execute_pipeline_pre_typo absente : pipeline desactive
Jun 03 12:40:03 ::1 (pid 9964) :Pri:ERREUR: fonction execute_pipeline_post_typo absente : pipeline desactive
Jun 03 12:40:03 ::1 (pid 9964) :Pri:ERREUR: fonction execute_pipeline_pre_typo absente : pipeline desactive
Jun 03 12:40:03 ::1 (pid 9964) :Pri:ERREUR: fonction execute_pipeline_post_typo absente : pipeline desactive
Jun 03 12:40:03 ::1 (pid 9964) :Pri:ERREUR: fonction execute_pipeline_pre_typo absente : pipeline desactive
Jun 03 12:40:03 ::1 (pid 9964) :Pri:ERREUR: fonction execute_pipeline_post_typo absente : pipeline desactive
Jun 03 12:40:03 ::1 (pid 9964) :Pri:ERREUR: fonction execute_pipeline_pre_typo absente : pipeline desactive
Jun 03 12:40:03 ::1 (pid 9964) :Pri:ERREUR: fonction execute_pipeline_post_typo absente : pipeline desactive
Jun 03 12:40:19 ::1 (pid 9964) :Pri:ERREUR: fonction execute_pipeline_declarer_tables_principales absente : pipeline desactive
Jun 03 12:40:19 ::1 (pid 9964) :Pri:ERREUR: fonction execute_pipeline_declarer_tables_auxiliaires absente : pipeline desactive
Jun 03 12:40:19 ::1 (pid 9964) :Pri:ERREUR: fonction execute_pipeline_declarer_tables_objets_sql absente : pipeline desactive
Jun 03 12:40:19 ::1 (pid 9964) :Pri:ERREUR: fonction execute_pipeline_declarer_tables_interfaces absente : pipeline desactive
Jun 03 12:40:19 ::1 (pid 9964) :Pri:ERREUR: fonction execute_pipeline_declarer_type_surnoms absente : pipeline desactive
Jun 03 12:40:19 ::1 (pid 9964) :Pri:ERREUR: fonction execute_pipeline_pre_typo absente : pipeline desactive
Jun 03 12:40:19 ::1 (pid 9964) :Pri:ERREUR: fonction execute_pipeline_post_typo absente : pipeline desactive
Jun 03 12:40:19 ::1 (pid 9964) :Pri:ERREUR: fonction execute_pipeline_pre_typo absente : pipeline desactive
Jun 03 12:40:19 ::1 (pid 9964) :Pri:ERREUR: fonction execute_pipeline_post_typo absente : pipeline desactive
Jun 03 12:40:19 ::1 (pid 9964) :Pri:ERREUR: fonction execute_pipeline_pre_typo absente : pipeline desactive
Jun 03 12:40:19 ::1 (pid 9964) :Pri:ERREUR: fonction execute_pipeline_post_typo absente : pipeline desactive
Jun 03 12:40:19 ::1 (pid 9964) :Pri:ERREUR: fonction execute_pipeline_pre_typo absente : pipeline desactive
Jun 03 12:40:19 ::1 (pid 9964) :Pri:ERREUR: fonction execute_pipeline_post_typo absente : pipeline desactive
Jun 03 12:40:19 ::1 (pid 9964) :Pri:ERREUR: fonction execute_pipeline_pre_typo absente : pipeline desactive
Jun 03 12:40:19 ::1 (pid 9964) :Pri:ERREUR: fonction execute_pipeline_post_typo absente : pipeline desactive
Jun 03 12:40:19 ::1 (pid 9964) :Pri:ERREUR: fonction execute_pipeline_pre_typo absente : pipeline desactive
Jun 03 12:40:19 ::1 (pid 9964) :Pri:ERREUR: fonction execute_pipeline_post_typo absente : pipeline desactive
Jun 03 12:40:19 ::1 (pid 9964) :Pri:ERREUR: fonction execute_pipeline_pre_typo absente : pipeline desactive
Jun 03 12:40:19 ::1 (pid 9964) :Pri:ERREUR: fonction execute_pipeline_post_typo absente : pipeline desactive
Jun 03 12:40:19 ::1 (pid 9964) :Pri:ERREUR: fonction execute_pipeline_pre_typo absente : pipeline desactive
Jun 03 12:40:19 ::1 (pid 9964) :Pri:ERREUR: fonction execute_pipeline_post_typo absente : pipeline desactive
Jun 03 12:40:19 ::1 (pid 9964) :Pri:ERREUR: fonction execute_pipeline_pre_typo absente : pipeline desactive
Jun 03 12:40:19 ::1 (pid 9964) :Pri:ERREUR: fonction execute_pipeline_post_typo absente : pipeline desactive
Jun 03 12:40:46 ::1 (pid 9964) :Pri:ERREUR: fonction execute_pipeline_declarer_tables_principales absente : pipeline desactive
Jun 03 12:40:46 ::1 (pid 9964) :Pri:ERREUR: fonction execute_pipeline_declarer_tables_auxiliaires absente : pipeline desactive
Jun 03 12:40:46 ::1 (pid 9964) :Pri:ERREUR: fonction execute_pipeline_declarer_tables_objets_sql absente : pipeline desactive
Jun 03 12:40:46 ::1 (pid 9964) :Pri:ERREUR: fonction execute_pipeline_declarer_tables_interfaces absente : pipeline desactive
Jun 03 12:40:46 ::1 (pid 9964) :Pri:ERREUR: fonction execute_pipeline_declarer_type_surnoms absente : pipeline desactive
Jun 03 12:40:46 ::1 (pid 9964) :Pri:ERREUR: fonction execute_pipeline_pre_typo absente : pipeline desactive
Jun 03 12:40:46 ::1 (pid 9964) :Pri:ERREUR: fonction execute_pipeline_post_typo absente : pipeline desactive
Jun 03 12:40:46 ::1 (pid 9964) :Pri:ERREUR: fonction execute_pipeline_pre_typo absente : pipeline desactive
Jun 03 12:40:46 ::1 (pid 9964) :Pri:ERREUR: fonction execute_pipeline_post_typo absente : pipeline desactive
Jun 03 12:40:46 ::1 (pid 9964) :Pri:ERREUR: fonction execute_pipeline_pre_typo absente : pipeline desactive
Jun 03 12:40:46 ::1 (pid 9964) :Pri:ERREUR: fonction execute_pipeline_post_typo absente : pipeline desactive
Jun 03 12:40:46 ::1 (pid 9964) :Pri:ERREUR: fonction execute_pipeline_pre_typo absente : pipeline desactive
Jun 03 12:40:46 ::1 (pid 9964) :Pri:ERREUR: fonction execute_pipeline_post_typo absente : pipeline desactive
Jun 03 12:40:46 ::1 (pid 9964) :Pri:ERREUR: fonction execute_pipeline_pre_typo absente : pipeline desactive
Jun 03 12:40:46 ::1 (pid 9964) :Pri:ERREUR: fonction execute_pipeline_post_typo absente : pipeline desactive
Jun 03 12:40:46 ::1 (pid 9964) :Pri:ERREUR: fonction execute_pipeline_pre_typo absente : pipeline desactive
Jun 03 12:40:46 ::1 (pid 9964) :Pri:ERREUR: fonction execute_pipeline_post_typo absente : pipeline desactive
Jun 03 12:40:46 ::1 (pid 9964) :Pri:ERREUR: fonction execute_pipeline_pre_typo absente : pipeline desactive
Jun 03 12:40:46 ::1 (pid 9964) :Pri:ERREUR: fonction execute_pipeline_post_typo absente : pipeline desactive
Jun 03 12:40:46 ::1 (pid 9964) :Pri:ERREUR: fonction execute_pipeline_pre_typo absente : pipeline desactive
Jun 03 12:40:46 ::1 (pid 9964) :Pri:ERREUR: fonction execute_pipeline_post_typo absente : pipeline desactive
Jun 03 12:40:46 ::1 (pid 9964) :Pri:ERREUR: fonction execute_pipeline_pre_typo absente : pipeline desactive
Jun 03 12:40:46 ::1 (pid 9964) :Pri:ERREUR: fonction execute_pipeline_post_typo absente : pipeline desactive
Jun 03 12:41:26 ::1 (pid 9964) :Pri:ERREUR: fonction execute_pipeline_taches_generales_cron absente : pipeline desactive
Jun 03 12:41:26 ::1 (pid 9964) :Pri:CRITIQUE: Re-entrance anormale sur lister_tables_objets_sql :array (
  0 => 
  array (
    'file' => 'D:\\Programmes\\wamp\\wamp\\www\\portfolio\\ecrire\\base\\trouver_table.php',
    'line' => 73,
    'function' => 'lister_tables_objets_sql',
    'args' => 
    array (
      0 => '::md5',
    ),
  ),
  1 => 
  array (
    'file' => 'D:\\Programmes\\wamp\\wamp\\www\\portfolio\\ecrire\\base\\abstract_sql.php',
    'line' => 1289,
    'function' => 'base_trouver_table_dist',
    'args' => 
    array (
      0 => 'spip_meta',
      1 => '',
    ),
  ),
  2 => 
  array (
    'file' => 'D:\\Programmes\\wamp\\wamp\\www\\portfolio\\ecrire\\req\\mysql.php',
    'line' => 877,
    'function' => 'description_table',
    'args' => 
    array (
      0 => 'spip_meta',
      1 => '',
    ),
  ),
  3 => 
  array (
    'file' => 'D:\\Programmes\\wamp\\wamp\\www\\portfolio\\ecrire\\base\\abstract_sql.php',
    'line' => 494,
    'function' => 'spip_mysql_insertq',
    'args' => 
    array (
      0 => 'spip_meta',
      1 => 
      array (
        'nom' => 'langues_proposees',
        'valeur' => 'ar,ast,ay,bg,br,bs,ca,co,cpf,cpf_hat,cs,da,de,en,eo,es,eu,fa,fon,fr,fr_fem,gl,he,hu,id,it,it_fem,ja,km,lb,my,nl,oc_auv,oc_gsc,oc_lms,oc_lnc,oc_ni,oc_ni_la,oc_prv,oc_va,pl,pt,pt_br,ro,ru,sk,sv,tr,vi,zh',
      ),
      2 => 
      array (
      ),
      3 => '',
      4 => true,
    ),
  ),
  4 => 
  array (
    'file' => 'D:\\Programmes\\wamp\\wamp\\www\\portfolio\\ecrire\\inc\\meta.php',
    'line' => 149,
    'function' => 'sql_insertq',
    'args' => 
    array (
      0 => 'spip_meta',
      1 => 
      array (
        'nom' => 'langues_proposees',
        'valeur' => 'ar,ast,ay,bg,br,bs,ca,co,cpf,cpf_hat,cs,da,de,en,eo,es,eu,fa,fon,fr,fr_fem,gl,he,hu,id,it,it_fem,ja,km,lb,my,nl,oc_auv,oc_gsc,oc_lms,oc_lnc,oc_ni,oc_ni_la,oc_prv,oc_va,pl,pt,pt_br,ro,ru,sk,sv,tr,vi,zh',
      ),
    ),
  ),
  5 => 
  array (
    'file' => 'D:\\Programmes\\wamp\\wamp\\www\\portfolio\\ecrire\\inc\\lang.php',
    'line' => 415,
    'function' => 'ecrire_meta',
    'args' => 
    array (
      0 => 'langues_proposees',
      1 => 'ar,ast,ay,bg,br,bs,ca,co,cpf,cpf_hat,cs,da,de,en,eo,es,eu,fa,fon,fr,fr_fem,gl,he,hu,id,it,it_fem,ja,km,lb,my,nl,oc_auv,oc_gsc,oc_lms,oc_lnc,oc_ni,oc_ni_la,oc_prv,oc_va,pl,pt,pt_br,ro,ru,sk,sv,tr,vi,zh',
    ),
  ),
  6 => 
  array (
    'file' => 'D:\\Programmes\\wamp\\wamp\\www\\portfolio\\ecrire\\inc\\lang.php',
    'line' => 446,
    'function' => 'init_langues',
    'args' => 
    array (
    ),
  ),
  7 => 
  array (
    'file' => 'D:\\Programmes\\wamp\\wamp\\www\\portfolio\\ecrire\\inc\\utils.php',
    'line' => 969,
    'args' => 
    array (
      0 => 'D:\\Programmes\\wamp\\wamp\\www\\portfolio\\ecrire\\inc\\lang.php',
    ),
    'function' => 'include_once',
  ),
  8 => 
  array (
    'file' => 'D:\\Programmes\\wamp\\wamp\\www\\portfolio\\ecrire\\inc\\utils.php',
    'line' => 92,
    'function' => 'find_in_path',
    'args' => 
    array (
      0 => 'inc/lang.php',
      1 => '',
      2 => true,
    ),
  ),
  9 => 
  array (
    'file' => 'D:\\Programmes\\wamp\\wamp\\www\\portfolio\\ecrire\\inc\\utils.php',
    'line' => 497,
    'function' => 'include_spip',
    'args' => 
    array (
      0 => 'inc/lang',
    ),
  ),
  10 => 
  array (
    'file' => 'D:\\Programmes\\wamp\\wamp\\www\\portfolio\\ecrire\\inc\\genie.php',
    'line' => 184,
    'function' => '_T',
    'args' => 
    array (
      0 => 'tache_cron_secondes',
      1 => 
      array (
        'function' => 'queue_watch',
        'nb' => 86400,
      ),
    ),
  ),
  11 => 
  array (
    'file' => 'D:\\Programmes\\wamp\\wamp\\www\\portfolio\\ecrire\\inc\\genie.php',
    'line' => 145,
    'function' => 'queue_genie_replan_job',
    'args' => 
    array (
      0 => 'queue_watch',
      1 => 86400,
      2 => 1433319047,
      3 => 0,
    ),
  ),
  12 => 
  array (
    'file' => 'D:\\Programmes\\wamp\\wamp\\www\\portfolio\\ecrire\\inc\\plugin.php',
    'line' => 523,
    'function' => 'genie_queue_watch_dist',
    'args' => 
    array (
    ),
  ),
  13 => 
  array (
    'file' => 'D:\\Programmes\\wamp\\wamp\\www\\portfolio\\ecrire\\inc\\plugin.php',
    'line' => 430,
    'function' => 'ecrire_plugin_actifs',
    'args' => 
    array (
      0 => '',
      1 => false,
      2 => 'force',
    ),
  ),
  14 => 
  array (
    'file' => 'D:\\Programmes\\wamp\\wamp\\www\\portfolio\\ecrire\\inc\\utils.php',
    'line' => 139,
    'function' => 'actualise_plugins_actifs',
    'args' => 
    array (
    ),
  ),
  15 => 
  array (
    'file' => 'D:\\Programmes\\wamp\\wamp\\www\\portfolio\\ecrire\\base\\objets.php',
    'line' => 332,
    'function' => 'pipeline',
    'args' => 
    array (
      0 => 'declarer_tables_principales',
      1 => 
      array (
        'spip_jobs' => 
        array (
          'field' => 
          array (
            'id_job' => 'bigint(21) NOT NULL',
            'descriptif' => 'text DEFAULT \'\' NOT NULL',
            'fonction' => 'varchar(255) NOT NULL',
            'args' => 'longblob DEFAULT \'\' NOT NULL',
            'md5args' => 'char(32) NOT NULL default \'\'',
            'inclure' => 'varchar(255) NOT NULL',
            'priorite' => 'smallint(6) NOT NULL default 0',
            'date' => 'datetime DEFAULT \'0000-00-00 00:00:00\' NOT NULL',
            'status' => 'tinyint NOT NULL default 1',
          ),
          'key' => 
          array (
            'PRIMARY KEY' => 'id_job',
            'KEY date' => 'date',
            'KEY status' => 'status',
          ),
        ),
      ),
    ),
  ),
  16 => 
  array (
    'file' => 'D:\\Programmes\\wamp\\wamp\\www\\portfolio\\ecrire\\base\\trouver_table.php',
    'line' => 73,
    'function' => 'lister_tables_objets_sql',
    'args' => 
    array (
      0 => '::md5',
    ),
  ),
  17 => 
  array (
    'file' => 'D:\\Programmes\\wamp\\wamp\\www\\portfolio\\ecrire\\base\\abstract_sql.php',
    'line' => 1289,
    'function' => 'base_trouver_table_dist',
    'args' => 
    array (
      0 => 'spip_meta',
      1 => '',
    ),
  ),
  18 => 
  array (
    'file' => 'D:\\Programmes\\wamp\\wamp\\www\\portfolio\\ecrire\\req\\mysql.php',
    'line' => 877,
    'function' => 'description_table',
    'args' => 
    array (
      0 => 'spip_meta',
      1 => '',
    ),
  ),
  19 => 
  array (
    'file' => 'D:\\Programmes\\wamp\\wamp\\www\\portfolio\\ecrire\\base\\abstract_sql.php',
    'line' => 494,
    'function' => 'spip_mysql_insertq',
    'args' => 
    array (
      0 => 'spip_meta',
      1 => 
      array (
        'nom' => 'charset',
        'valeur' => 'utf-8',
      ),
      2 => 
      array (
      ),
      3 => '',
      4 => true,
    ),
  ),
  20 => 
  array (
    'file' => 'D:\\Programmes\\wamp\\wamp\\www\\portfolio\\ecrire\\inc\\meta.php',
    'line' => 149,
    'function' => 'sql_insertq',
    'args' => 
    array (
      0 => 'spip_meta',
      1 => 
      array (
        'nom' => 'charset',
        'valeur' => 'utf-8',
      ),
    ),
  ),
  21 => 
  array (
    'file' => 'D:\\Programmes\\wamp\\wamp\\www\\portfolio\\ecrire\\inc\\meta.php',
    'line' => 72,
    'function' => 'ecrire_meta',
    'args' => 
    array (
      0 => 'charset',
      1 => 'utf-8',
      2 => NULL,
      3 => 'meta',
    ),
  ),
  22 => 
  array (
    'file' => 'D:\\Programmes\\wamp\\wamp\\www\\portfolio\\ecrire\\inc\\meta.php',
    'line' => 38,
    'function' => 'lire_metas',
    'args' => 
    array (
      0 => 'meta',
    ),
  ),
  23 => 
  array (
    'file' => 'D:\\Programmes\\wamp\\wamp\\www\\portfolio\\ecrire\\inc\\utils.php',
    'line' => 1645,
    'function' => 'inc_meta_dist',
    'args' => 
    array (
    ),
  ),
  24 => 
  array (
    'file' => 'D:\\Programmes\\wamp\\wamp\\www\\portfolio\\ecrire\\inc_version.php',
    'line' => 342,
    'function' => 'spip_initialisation_core',
    'args' => 
    array (
      0 => '../config/',
      1 => '../IMG/',
      2 => '../tmp/',
      3 => '../local/',
    ),
  ),
  25 => 
  array (
    'file' => 'D:\\Programmes\\wamp\\wamp\\www\\portfolio\\ecrire\\index.php',
    'line' => 14,
    'args' => 
    array (
      0 => 'D:\\Programmes\\wamp\\wamp\\www\\portfolio\\ecrire\\inc_version.php',
    ),
    'function' => 'include',
  ),
)
Jun 03 12:41:26 ::1 (pid 9964) :Pri:CRITIQUE: Re-entrance anormale sur lister_tables_objets_sql :array (
  0 => 
  array (
    'file' => 'D:\\Programmes\\wamp\\wamp\\www\\portfolio\\ecrire\\base\\trouver_table.php',
    'line' => 73,
    'function' => 'lister_tables_objets_sql',
    'args' => 
    array (
      0 => '::md5',
    ),
  ),
  1 => 
  array (
    'file' => 'D:\\Programmes\\wamp\\wamp\\www\\portfolio\\ecrire\\base\\abstract_sql.php',
    'line' => 1289,
    'function' => 'base_trouver_table_dist',
    'args' => 
    array (
      0 => 'spip_meta',
      1 => '',
    ),
  ),
  2 => 
  array (
    'file' => 'D:\\Programmes\\wamp\\wamp\\www\\portfolio\\ecrire\\req\\mysql.php',
    'line' => 877,
    'function' => 'description_table',
    'args' => 
    array (
      0 => 'spip_meta',
      1 => '',
    ),
  ),
  3 => 
  array (
    'file' => 'D:\\Programmes\\wamp\\wamp\\www\\portfolio\\ecrire\\base\\abstract_sql.php',
    'line' => 494,
    'function' => 'spip_mysql_insertq',
    'args' => 
    array (
      0 => 'spip_meta',
      1 => 
      array (
        'nom' => 'langue_site',
        'valeur' => 'fr',
      ),
      2 => 
      array (
      ),
      3 => '',
      4 => true,
    ),
  ),
  4 => 
  array (
    'file' => 'D:\\Programmes\\wamp\\wamp\\www\\portfolio\\ecrire\\inc\\meta.php',
    'line' => 149,
    'function' => 'sql_insertq',
    'args' => 
    array (
      0 => 'spip_meta',
      1 => 
      array (
        'nom' => 'langue_site',
        'valeur' => 'fr',
      ),
    ),
  ),
  5 => 
  array (
    'file' => 'D:\\Programmes\\wamp\\wamp\\www\\portfolio\\ecrire\\inc\\lang.php',
    'line' => 424,
    'function' => 'ecrire_meta',
    'args' => 
    array (
      0 => 'langue_site',
      1 => 'fr',
    ),
  ),
  6 => 
  array (
    'file' => 'D:\\Programmes\\wamp\\wamp\\www\\portfolio\\ecrire\\inc\\lang.php',
    'line' => 446,
    'function' => 'init_langues',
    'args' => 
    array (
    ),
  ),
  7 => 
  array (
    'file' => 'D:\\Programmes\\wamp\\wamp\\www\\portfolio\\ecrire\\inc\\utils.php',
    'line' => 969,
    'args' => 
    array (
      0 => 'D:\\Programmes\\wamp\\wamp\\www\\portfolio\\ecrire\\inc\\lang.php',
    ),
    'function' => 'include_once',
  ),
  8 => 
  array (
    'file' => 'D:\\Programmes\\wamp\\wamp\\www\\portfolio\\ecrire\\inc\\utils.php',
    'line' => 92,
    'function' => 'find_in_path',
    'args' => 
    array (
      0 => 'inc/lang.php',
      1 => '',
      2 => true,
    ),
  ),
  9 => 
  array (
    'file' => 'D:\\Programmes\\wamp\\wamp\\www\\portfolio\\ecrire\\inc\\utils.php',
    'line' => 497,
    'function' => 'include_spip',
    'args' => 
    array (
      0 => 'inc/lang',
    ),
  ),
  10 => 
  array (
    'file' => 'D:\\Programmes\\wamp\\wamp\\www\\portfolio\\ecrire\\inc\\genie.php',
    'line' => 184,
    'function' => '_T',
    'args' => 
    array (
      0 => 'tache_cron_secondes',
      1 => 
      array (
        'function' => 'queue_watch',
        'nb' => 86400,
      ),
    ),
  ),
  11 => 
  array (
    'file' => 'D:\\Programmes\\wamp\\wamp\\www\\portfolio\\ecrire\\inc\\genie.php',
    'line' => 145,
    'function' => 'queue_genie_replan_job',
    'args' => 
    array (
      0 => 'queue_watch',
      1 => 86400,
      2 => 1433319047,
      3 => 0,
    ),
  ),
  12 => 
  array (
    'file' => 'D:\\Programmes\\wamp\\wamp\\www\\portfolio\\ecrire\\inc\\plugin.php',
    'line' => 523,
    'function' => 'genie_queue_watch_dist',
    'args' => 
    array (
    ),
  ),
  13 => 
  array (
    'file' => 'D:\\Programmes\\wamp\\wamp\\www\\portfolio\\ecrire\\inc\\plugin.php',
    'line' => 430,
    'function' => 'ecrire_plugin_actifs',
    'args' => 
    array (
      0 => '',
      1 => false,
      2 => 'force',
    ),
  ),
  14 => 
  array (
    'file' => 'D:\\Programmes\\wamp\\wamp\\www\\portfolio\\ecrire\\inc\\utils.php',
    'line' => 139,
    'function' => 'actualise_plugins_actifs',
    'args' => 
    array (
    ),
  ),
  15 => 
  array (
    'file' => 'D:\\Programmes\\wamp\\wamp\\www\\portfolio\\ecrire\\base\\objets.php',
    'line' => 332,
    'function' => 'pipeline',
    'args' => 
    array (
      0 => 'declarer_tables_principales',
      1 => 
      array (
        'spip_jobs' => 
        array (
          'field' => 
          array (
            'id_job' => 'bigint(21) NOT NULL',
            'descriptif' => 'text DEFAULT \'\' NOT NULL',
            'fonction' => 'varchar(255) NOT NULL',
            'args' => 'longblob DEFAULT \'\' NOT NULL',
            'md5args' => 'char(32) NOT NULL default \'\'',
            'inclure' => 'varchar(255) NOT NULL',
            'priorite' => 'smallint(6) NOT NULL default 0',
            'date' => 'datetime DEFAULT \'0000-00-00 00:00:00\' NOT NULL',
            'status' => 'tinyint NOT NULL default 1',
          ),
          'key' => 
          array (
            'PRIMARY KEY' => 'id_job',
            'KEY date' => 'date',
            'KEY status' => 'status',
          ),
        ),
      ),
    ),
  ),
  16 => 
  array (
    'file' => 'D:\\Programmes\\wamp\\wamp\\www\\portfolio\\ecrire\\base\\trouver_table.php',
    'line' => 73,
    'function' => 'lister_tables_objets_sql',
    'args' => 
    array (
      0 => '::md5',
    ),
  ),
  17 => 
  array (
    'file' => 'D:\\Programmes\\wamp\\wamp\\www\\portfolio\\ecrire\\base\\abstract_sql.php',
    'line' => 1289,
    'function' => 'base_trouver_table_dist',
    'args' => 
    array (
      0 => 'spip_meta',
      1 => '',
    ),
  ),
  18 => 
  array (
    'file' => 'D:\\Programmes\\wamp\\wamp\\www\\portfolio\\ecrire\\req\\mysql.php',
    'line' => 877,
    'function' => 'description_table',
    'args' => 
    array (
      0 => 'spip_meta',
      1 => '',
    ),
  ),
  19 => 
  array (
    'file' => 'D:\\Programmes\\wamp\\wamp\\www\\portfolio\\ecrire\\base\\abstract_sql.php',
    'line' => 494,
    'function' => 'spip_mysql_insertq',
    'args' => 
    array (
      0 => 'spip_meta',
      1 => 
      array (
        'nom' => 'charset',
        'valeur' => 'utf-8',
      ),
      2 => 
      array (
      ),
      3 => '',
      4 => true,
    ),
  ),
  20 => 
  array (
    'file' => 'D:\\Programmes\\wamp\\wamp\\www\\portfolio\\ecrire\\inc\\meta.php',
    'line' => 149,
    'function' => 'sql_insertq',
    'args' => 
    array (
      0 => 'spip_meta',
      1 => 
      array (
        'nom' => 'charset',
        'valeur' => 'utf-8',
      ),
    ),
  ),
  21 => 
  array (
    'file' => 'D:\\Programmes\\wamp\\wamp\\www\\portfolio\\ecrire\\inc\\meta.php',
    'line' => 72,
    'function' => 'ecrire_meta',
    'args' => 
    array (
      0 => 'charset',
      1 => 'utf-8',
      2 => NULL,
      3 => 'meta',
    ),
  ),
  22 => 
  array (
    'file' => 'D:\\Programmes\\wamp\\wamp\\www\\portfolio\\ecrire\\inc\\meta.php',
    'line' => 38,
    'function' => 'lire_metas',
    'args' => 
    array (
      0 => 'meta',
    ),
  ),
  23 => 
  array (
    'file' => 'D:\\Programmes\\wamp\\wamp\\www\\portfolio\\ecrire\\inc\\utils.php',
    'line' => 1645,
    'function' => 'inc_meta_dist',
    'args' => 
    array (
    ),
  ),
  24 => 
  array (
    'file' => 'D:\\Programmes\\wamp\\wamp\\www\\portfolio\\ecrire\\inc_version.php',
    'line' => 342,
    'function' => 'spip_initialisation_core',
    'args' => 
    array (
      0 => '../config/',
      1 => '../IMG/',
      2 => '../tmp/',
      3 => '../local/',
    ),
  ),
  25 => 
  array (
    'file' => 'D:\\Programmes\\wamp\\wamp\\www\\portfolio\\ecrire\\index.php',
    'line' => 14,
    'args' => 
    array (
      0 => 'D:\\Programmes\\wamp\\wamp\\www\\portfolio\\ecrire\\inc_version.php',
    ),
    'function' => 'include',
  ),
)
Jun 03 12:41:26 ::1 (pid 9964) :Pri:CRITIQUE: Re-entrance anormale sur lister_tables_objets_sql :array (
  0 => 
  array (
    'file' => 'D:\\Programmes\\wamp\\wamp\\www\\portfolio\\ecrire\\base\\trouver_table.php',
    'line' => 73,
    'function' => 'lister_tables_objets_sql',
    'args' => 
    array (
      0 => '::md5',
    ),
  ),
  1 => 
  array (
    'file' => 'D:\\Programmes\\wamp\\wamp\\www\\portfolio\\ecrire\\base\\abstract_sql.php',
    'line' => 1289,
    'function' => 'base_trouver_table_dist',
    'args' => 
    array (
      0 => 'spip_jobs',
      1 => '',
    ),
  ),
  2 => 
  array (
    'file' => 'D:\\Programmes\\wamp\\wamp\\www\\portfolio\\ecrire\\req\\mysql.php',
    'line' => 877,
    'function' => 'description_table',
    'args' => 
    array (
      0 => 'spip_jobs',
      1 => '',
    ),
  ),
  3 => 
  array (
    'file' => 'D:\\Programmes\\wamp\\wamp\\www\\portfolio\\ecrire\\base\\abstract_sql.php',
    'line' => 494,
    'function' => 'spip_mysql_insertq',
    'args' => 
    array (
      0 => 'spip_jobs',
      1 => 
      array (
        'fonction' => 'queue_watch',
        'descriptif' => 'Tâche CRON queue_watch (toutes les 86400 s)',
        'args' => 'a:1:{i:0;d:1433319047;}',
        'md5args' => '2231e11e0e094d0de8d89735c97f1ff0',
        'inclure' => 'genie/',
        'priorite' => 0,
        'date' => '2015-06-03 12:41:26',
        'status' => 1,
      ),
      2 => 
      array (
      ),
      3 => '',
      4 => true,
    ),
  ),
  4 => 
  array (
    'file' => 'D:\\Programmes\\wamp\\wamp\\www\\portfolio\\ecrire\\inc\\queue.php',
    'line' => 92,
    'function' => 'sql_insertq',
    'args' => 
    array (
      0 => 'spip_jobs',
      1 => 
      array (
        'fonction' => 'queue_watch',
        'descriptif' => 'Tâche CRON queue_watch (toutes les 86400 s)',
        'args' => 'a:1:{i:0;d:1433319047;}',
        'md5args' => '2231e11e0e094d0de8d89735c97f1ff0',
        'inclure' => 'genie/',
        'priorite' => 0,
        'date' => '2015-06-03 12:41:26',
        'status' => 1,
      ),
    ),
  ),
  5 => 
  array (
    'file' => 'D:\\Programmes\\wamp\\wamp\\www\\portfolio\\ecrire\\inc\\genie.php',
    'line' => 184,
    'function' => 'queue_add_job',
    'args' => 
    array (
      0 => 'queue_watch',
      1 => 'Tâche CRON queue_watch (toutes les 86400 s)',
      2 => 
      array (
        0 => 1433319047,
      ),
      3 => 'genie/',
      4 => 'function_only',
      5 => 0,
      6 => 0,
    ),
  ),
  6 => 
  array (
    'file' => 'D:\\Programmes\\wamp\\wamp\\www\\portfolio\\ecrire\\inc\\genie.php',
    'line' => 145,
    'function' => 'queue_genie_replan_job',
    'args' => 
    array (
      0 => 'queue_watch',
      1 => 86400,
      2 => 1433319047,
      3 => 0,
    ),
  ),
  7 => 
  array (
    'file' => 'D:\\Programmes\\wamp\\wamp\\www\\portfolio\\ecrire\\inc\\plugin.php',
    'line' => 523,
    'function' => 'genie_queue_watch_dist',
    'args' => 
    array (
    ),
  ),
  8 => 
  array (
    'file' => 'D:\\Programmes\\wamp\\wamp\\www\\portfolio\\ecrire\\inc\\plugin.php',
    'line' => 430,
    'function' => 'ecrire_plugin_actifs',
    'args' => 
    array (
      0 => '',
      1 => false,
      2 => 'force',
    ),
  ),
  9 => 
  array (
    'file' => 'D:\\Programmes\\wamp\\wamp\\www\\portfolio\\ecrire\\inc\\utils.php',
    'line' => 139,
    'function' => 'actualise_plugins_actifs',
    'args' => 
    array (
    ),
  ),
  10 => 
  array (
    'file' => 'D:\\Programmes\\wamp\\wamp\\www\\portfolio\\ecrire\\base\\objets.php',
    'line' => 332,
    'function' => 'pipeline',
    'args' => 
    array (
      0 => 'declarer_tables_principales',
      1 => 
      array (
        'spip_jobs' => 
        array (
          'field' => 
          array (
            'id_job' => 'bigint(21) NOT NULL',
            'descriptif' => 'text DEFAULT \'\' NOT NULL',
            'fonction' => 'varchar(255) NOT NULL',
            'args' => 'longblob DEFAULT \'\' NOT NULL',
            'md5args' => 'char(32) NOT NULL default \'\'',
            'inclure' => 'varchar(255) NOT NULL',
            'priorite' => 'smallint(6) NOT NULL default 0',
            'date' => 'datetime DEFAULT \'0000-00-00 00:00:00\' NOT NULL',
            'status' => 'tinyint NOT NULL default 1',
          ),
          'key' => 
          array (
            'PRIMARY KEY' => 'id_job',
            'KEY date' => 'date',
            'KEY status' => 'status',
          ),
        ),
      ),
    ),
  ),
  11 => 
  array (
    'file' => 'D:\\Programmes\\wamp\\wamp\\www\\portfolio\\ecrire\\base\\trouver_table.php',
    'line' => 73,
    'function' => 'lister_tables_objets_sql',
    'args' => 
    array (
      0 => '::md5',
    ),
  ),
  12 => 
  array (
    'file' => 'D:\\Programmes\\wamp\\wamp\\www\\portfolio\\ecrire\\base\\abstract_sql.php',
    'line' => 1289,
    'function' => 'base_trouver_table_dist',
    'args' => 
    array (
      0 => 'spip_meta',
      1 => '',
    ),
  ),
  13 => 
  array (
    'file' => 'D:\\Programmes\\wamp\\wamp\\www\\portfolio\\ecrire\\req\\mysql.php',
    'line' => 877,
    'function' => 'description_table',
    'args' => 
    array (
      0 => 'spip_meta',
      1 => '',
    ),
  ),
  14 => 
  array (
    'file' => 'D:\\Programmes\\wamp\\wamp\\www\\portfolio\\ecrire\\base\\abstract_sql.php',
    'line' => 494,
    'function' => 'spip_mysql_insertq',
    'args' => 
    array (
      0 => 'spip_meta',
      1 => 
      array (
        'nom' => 'charset',
        'valeur' => 'utf-8',
      ),
      2 => 
      array (
      ),
      3 => '',
      4 => true,
    ),
  ),
  15 => 
  array (
    'file' => 'D:\\Programmes\\wamp\\wamp\\www\\portfolio\\ecrire\\inc\\meta.php',
    'line' => 149,
    'function' => 'sql_insertq',
    'args' => 
    array (
      0 => 'spip_meta',
      1 => 
      array (
        'nom' => 'charset',
        'valeur' => 'utf-8',
      ),
    ),
  ),
  16 => 
  array (
    'file' => 'D:\\Programmes\\wamp\\wamp\\www\\portfolio\\ecrire\\inc\\meta.php',
    'line' => 72,
    'function' => 'ecrire_meta',
    'args' => 
    array (
      0 => 'charset',
      1 => 'utf-8',
      2 => NULL,
      3 => 'meta',
    ),
  ),
  17 => 
  array (
    'file' => 'D:\\Programmes\\wamp\\wamp\\www\\portfolio\\ecrire\\inc\\meta.php',
    'line' => 38,
    'function' => 'lire_metas',
    'args' => 
    array (
      0 => 'meta',
    ),
  ),
  18 => 
  array (
    'file' => 'D:\\Programmes\\wamp\\wamp\\www\\portfolio\\ecrire\\inc\\utils.php',
    'line' => 1645,
    'function' => 'inc_meta_dist',
    'args' => 
    array (
    ),
  ),
  19 => 
  array (
    'file' => 'D:\\Programmes\\wamp\\wamp\\www\\portfolio\\ecrire\\inc_version.php',
    'line' => 342,
    'function' => 'spip_initialisation_core',
    'args' => 
    array (
      0 => '../config/',
      1 => '../IMG/',
      2 => '../tmp/',
      3 => '../local/',
    ),
  ),
  20 => 
  array (
    'file' => 'D:\\Programmes\\wamp\\wamp\\www\\portfolio\\ecrire\\index.php',
    'line' => 14,
    'args' => 
    array (
      0 => 'D:\\Programmes\\wamp\\wamp\\www\\portfolio\\ecrire\\inc_version.php',
    ),
    'function' => 'include',
  ),
)
Jun 03 12:41:26 ::1 (pid 9964) :Pri:CRITIQUE: Re-entrance anormale sur lister_tables_objets_sql :array (
  0 => 
  array (
    'file' => 'D:\\Programmes\\wamp\\wamp\\www\\portfolio\\ecrire\\base\\trouver_table.php',
    'line' => 164,
    'function' => 'lister_tables_objets_sql',
    'args' => 
    array (
      0 => 'spip_jobs',
      1 => 
      array (
        'field' => 
        array (
          'id_job' => 'bigint(21) NOT NULL AUTO_INCREMENT',
          'descriptif' => 'text NOT NULL',
          'fonction' => 'varchar(255) NOT NULL',
          'args' => 'longblob NOT NULL',
          'md5args' => 'char(32) NOT NULL DEFAULT \'\'',
          'inclure' => 'varchar(255) NOT NULL',
          'priorite' => 'smallint(6) NOT NULL DEFAULT \'0\'',
          'date' => 'datetime NOT NULL DEFAULT \'0000-00-00 00:00:00\'',
          'status' => 'tinyint(4) NOT NULL DEFAULT \'1\'',
        ),
        'key' => 
        array (
          'PRIMARY KEY' => 'id_job',
          'KEY date' => 'date',
          'KEY status' => 'status',
        ),
        'exist' => true,
        'table_sql' => 'spip_jobs',
        'table' => 'spip_jobs',
        'connexion' => '',
      ),
    ),
  ),
  1 => 
  array (
    'file' => 'D:\\Programmes\\wamp\\wamp\\www\\portfolio\\ecrire\\base\\abstract_sql.php',
    'line' => 1289,
    'function' => 'base_trouver_table_dist',
    'args' => 
    array (
      0 => 'spip_jobs',
      1 => '',
    ),
  ),
  2 => 
  array (
    'file' => 'D:\\Programmes\\wamp\\wamp\\www\\portfolio\\ecrire\\req\\mysql.php',
    'line' => 877,
    'function' => 'description_table',
    'args' => 
    array (
      0 => 'spip_jobs',
      1 => '',
    ),
  ),
  3 => 
  array (
    'file' => 'D:\\Programmes\\wamp\\wamp\\www\\portfolio\\ecrire\\base\\abstract_sql.php',
    'line' => 494,
    'function' => 'spip_mysql_insertq',
    'args' => 
    array (
      0 => 'spip_jobs',
      1 => 
      array (
        'fonction' => 'queue_watch',
        'descriptif' => 'Tâche CRON queue_watch (toutes les 86400 s)',
        'args' => 'a:1:{i:0;d:1433319047;}',
        'md5args' => '2231e11e0e094d0de8d89735c97f1ff0',
        'inclure' => 'genie/',
        'priorite' => 0,
        'date' => '2015-06-03 12:41:26',
        'status' => 1,
      ),
      2 => 
      array (
      ),
      3 => '',
      4 => true,
    ),
  ),
  4 => 
  array (
    'file' => 'D:\\Programmes\\wamp\\wamp\\www\\portfolio\\ecrire\\inc\\queue.php',
    'line' => 92,
    'function' => 'sql_insertq',
    'args' => 
    array (
      0 => 'spip_jobs',
      1 => 
      array (
        'fonction' => 'queue_watch',
        'descriptif' => 'Tâche CRON queue_watch (toutes les 86400 s)',
        'args' => 'a:1:{i:0;d:1433319047;}',
        'md5args' => '2231e11e0e094d0de8d89735c97f1ff0',
        'inclure' => 'genie/',
        'priorite' => 0,
        'date' => '2015-06-03 12:41:26',
        'status' => 1,
      ),
    ),
  ),
  5 => 
  array (
    'file' => 'D:\\Programmes\\wamp\\wamp\\www\\portfolio\\ecrire\\inc\\genie.php',
    'line' => 184,
    'function' => 'queue_add_job',
    'args' => 
    array (
      0 => 'queue_watch',
      1 => 'Tâche CRON queue_watch (toutes les 86400 s)',
      2 => 
      array (
        0 => 1433319047,
      ),
      3 => 'genie/',
      4 => 'function_only',
      5 => 0,
      6 => 0,
    ),
  ),
  6 => 
  array (
    'file' => 'D:\\Programmes\\wamp\\wamp\\www\\portfolio\\ecrire\\inc\\genie.php',
    'line' => 145,
    'function' => 'queue_genie_replan_job',
    'args' => 
    array (
      0 => 'queue_watch',
      1 => 86400,
      2 => 1433319047,
      3 => 0,
    ),
  ),
  7 => 
  array (
    'file' => 'D:\\Programmes\\wamp\\wamp\\www\\portfolio\\ecrire\\inc\\plugin.php',
    'line' => 523,
    'function' => 'genie_queue_watch_dist',
    'args' => 
    array (
    ),
  ),
  8 => 
  array (
    'file' => 'D:\\Programmes\\wamp\\wamp\\www\\portfolio\\ecrire\\inc\\plugin.php',
    'line' => 430,
    'function' => 'ecrire_plugin_actifs',
    'args' => 
    array (
      0 => '',
      1 => false,
      2 => 'force',
    ),
  ),
  9 => 
  array (
    'file' => 'D:\\Programmes\\wamp\\wamp\\www\\portfolio\\ecrire\\inc\\utils.php',
    'line' => 139,
    'function' => 'actualise_plugins_actifs',
    'args' => 
    array (
    ),
  ),
  10 => 
  array (
    'file' => 'D:\\Programmes\\wamp\\wamp\\www\\portfolio\\ecrire\\base\\objets.php',
    'line' => 332,
    'function' => 'pipeline',
    'args' => 
    array (
      0 => 'declarer_tables_principales',
      1 => 
      array (
        'spip_jobs' => 
        array (
          'field' => 
          array (
            'id_job' => 'bigint(21) NOT NULL',
            'descriptif' => 'text DEFAULT \'\' NOT NULL',
            'fonction' => 'varchar(255) NOT NULL',
            'args' => 'longblob DEFAULT \'\' NOT NULL',
            'md5args' => 'char(32) NOT NULL default \'\'',
            'inclure' => 'varchar(255) NOT NULL',
            'priorite' => 'smallint(6) NOT NULL default 0',
            'date' => 'datetime DEFAULT \'0000-00-00 00:00:00\' NOT NULL',
            'status' => 'tinyint NOT NULL default 1',
          ),
          'key' => 
          array (
            'PRIMARY KEY' => 'id_job',
            'KEY date' => 'date',
            'KEY status' => 'status',
          ),
        ),
      ),
    ),
  ),
  11 => 
  array (
    'file' => 'D:\\Programmes\\wamp\\wamp\\www\\portfolio\\ecrire\\base\\trouver_table.php',
    'line' => 73,
    'function' => 'lister_tables_objets_sql',
    'args' => 
    array (
      0 => '::md5',
    ),
  ),
  12 => 
  array (
    'file' => 'D:\\Programmes\\wamp\\wamp\\www\\portfolio\\ecrire\\base\\abstract_sql.php',
    'line' => 1289,
    'function' => 'base_trouver_table_dist',
    'args' => 
    array (
      0 => 'spip_meta',
      1 => '',
    ),
  ),
  13 => 
  array (
    'file' => 'D:\\Programmes\\wamp\\wamp\\www\\portfolio\\ecrire\\req\\mysql.php',
    'line' => 877,
    'function' => 'description_table',
    'args' => 
    array (
      0 => 'spip_meta',
      1 => '',
    ),
  ),
  14 => 
  array (
    'file' => 'D:\\Programmes\\wamp\\wamp\\www\\portfolio\\ecrire\\base\\abstract_sql.php',
    'line' => 494,
    'function' => 'spip_mysql_insertq',
    'args' => 
    array (
      0 => 'spip_meta',
      1 => 
      array (
        'nom' => 'charset',
        'valeur' => 'utf-8',
      ),
      2 => 
      array (
      ),
      3 => '',
      4 => true,
    ),
  ),
  15 => 
  array (
    'file' => 'D:\\Programmes\\wamp\\wamp\\www\\portfolio\\ecrire\\inc\\meta.php',
    'line' => 149,
    'function' => 'sql_insertq',
    'args' => 
    array (
      0 => 'spip_meta',
      1 => 
      array (
        'nom' => 'charset',
        'valeur' => 'utf-8',
      ),
    ),
  ),
  16 => 
  array (
    'file' => 'D:\\Programmes\\wamp\\wamp\\www\\portfolio\\ecrire\\inc\\meta.php',
    'line' => 72,
    'function' => 'ecrire_meta',
    'args' => 
    array (
      0 => 'charset',
      1 => 'utf-8',
      2 => NULL,
      3 => 'meta',
    ),
  ),
  17 => 
  array (
    'file' => 'D:\\Programmes\\wamp\\wamp\\www\\portfolio\\ecrire\\inc\\meta.php',
    'line' => 38,
    'function' => 'lire_metas',
    'args' => 
    array (
      0 => 'meta',
    ),
  ),
  18 => 
  array (
    'file' => 'D:\\Programmes\\wamp\\wamp\\www\\portfolio\\ecrire\\inc\\utils.php',
    'line' => 1645,
    'function' => 'inc_meta_dist',
    'args' => 
    array (
    ),
  ),
  19 => 
  array (
    'file' => 'D:\\Programmes\\wamp\\wamp\\www\\portfolio\\ecrire\\inc_version.php',
    'line' => 342,
    'function' => 'spip_initialisation_core',
    'args' => 
    array (
      0 => '../config/',
      1 => '../IMG/',
      2 => '../tmp/',
      3 => '../local/',
    ),
  ),
  20 => 
  array (
    'file' => 'D:\\Programmes\\wamp\\wamp\\www\\portfolio\\ecrire\\index.php',
    'line' => 14,
    'args' => 
    array (
      0 => 'D:\\Programmes\\wamp\\wamp\\www\\portfolio\\ecrire\\inc_version.php',
    ),
    'function' => 'include',
  ),
)
Jun 03 12:41:26 ::1 (pid 9964) :Pri:CRITIQUE: Re-entrance anormale sur lister_tables_objets_sql :array (
  0 => 
  array (
    'file' => 'D:\\Programmes\\wamp\\wamp\\www\\portfolio\\ecrire\\base\\trouver_table.php',
    'line' => 73,
    'function' => 'lister_tables_objets_sql',
    'args' => 
    array (
      0 => '::md5',
    ),
  ),
  1 => 
  array (
    'file' => 'D:\\Programmes\\wamp\\wamp\\www\\portfolio\\ecrire\\base\\abstract_sql.php',
    'line' => 1289,
    'function' => 'base_trouver_table_dist',
    'args' => 
    array (
      0 => 'spip_jobs',
      1 => '',
    ),
  ),
  2 => 
  array (
    'file' => 'D:\\Programmes\\wamp\\wamp\\www\\portfolio\\ecrire\\req\\mysql.php',
    'line' => 877,
    'function' => 'description_table',
    'args' => 
    array (
      0 => 'spip_jobs',
      1 => '',
    ),
  ),
  3 => 
  array (
    'file' => 'D:\\Programmes\\wamp\\wamp\\www\\portfolio\\ecrire\\base\\abstract_sql.php',
    'line' => 494,
    'function' => 'spip_mysql_insertq',
    'args' => 
    array (
      0 => 'spip_jobs',
      1 => 
      array (
        'fonction' => 'optimiser',
        'descriptif' => 'Tâche CRON optimiser (toutes les 172800 s)',
        'args' => 'a:1:{i:0;d:1433204154;}',
        'md5args' => '582308a52c0d5c526c49ba6ef5b0d2ce',
        'inclure' => 'genie/',
        'priorite' => 0,
        'date' => '2015-06-03 12:41:26',
        'status' => 1,
      ),
      2 => 
      array (
      ),
      3 => '',
      4 => true,
    ),
  ),
  4 => 
  array (
    'file' => 'D:\\Programmes\\wamp\\wamp\\www\\portfolio\\ecrire\\inc\\queue.php',
    'line' => 92,
    'function' => 'sql_insertq',
    'args' => 
    array (
      0 => 'spip_jobs',
      1 => 
      array (
        'fonction' => 'optimiser',
        'descriptif' => 'Tâche CRON optimiser (toutes les 172800 s)',
        'args' => 'a:1:{i:0;d:1433204154;}',
        'md5args' => '582308a52c0d5c526c49ba6ef5b0d2ce',
        'inclure' => 'genie/',
        'priorite' => 0,
        'date' => '2015-06-03 12:41:26',
        'status' => 1,
      ),
    ),
  ),
  5 => 
  array (
    'file' => 'D:\\Programmes\\wamp\\wamp\\www\\portfolio\\ecrire\\inc\\genie.php',
    'line' => 184,
    'function' => 'queue_add_job',
    'args' => 
    array (
      0 => 'optimiser',
      1 => 'Tâche CRON optimiser (toutes les 172800 s)',
      2 => 
      array (
        0 => 1433204154,
      ),
      3 => 'genie/',
      4 => 'function_only',
      5 => 0,
      6 => 0,
    ),
  ),
  6 => 
  array (
    'file' => 'D:\\Programmes\\wamp\\wamp\\www\\portfolio\\ecrire\\inc\\genie.php',
    'line' => 145,
    'function' => 'queue_genie_replan_job',
    'args' => 
    array (
      0 => 'optimiser',
      1 => 172800,
      2 => 1433204154,
      3 => 0,
    ),
  ),
  7 => 
  array (
    'file' => 'D:\\Programmes\\wamp\\wamp\\www\\portfolio\\ecrire\\inc\\plugin.php',
    'line' => 523,
    'function' => 'genie_queue_watch_dist',
    'args' => 
    array (
    ),
  ),
  8 => 
  array (
    'file' => 'D:\\Programmes\\wamp\\wamp\\www\\portfolio\\ecrire\\inc\\plugin.php',
    'line' => 430,
    'function' => 'ecrire_plugin_actifs',
    'args' => 
    array (
      0 => '',
      1 => false,
      2 => 'force',
    ),
  ),
  9 => 
  array (
    'file' => 'D:\\Programmes\\wamp\\wamp\\www\\portfolio\\ecrire\\inc\\utils.php',
    'line' => 139,
    'function' => 'actualise_plugins_actifs',
    'args' => 
    array (
    ),
  ),
  10 => 
  array (
    'file' => 'D:\\Programmes\\wamp\\wamp\\www\\portfolio\\ecrire\\base\\objets.php',
    'line' => 332,
    'function' => 'pipeline',
    'args' => 
    array (
      0 => 'declarer_tables_principales',
      1 => 
      array (
        'spip_jobs' => 
        array (
          'field' => 
          array (
            'id_job' => 'bigint(21) NOT NULL',
            'descriptif' => 'text DEFAULT \'\' NOT NULL',
            'fonction' => 'varchar(255) NOT NULL',
            'args' => 'longblob DEFAULT \'\' NOT NULL',
            'md5args' => 'char(32) NOT NULL default \'\'',
            'inclure' => 'varchar(255) NOT NULL',
            'priorite' => 'smallint(6) NOT NULL default 0',
            'date' => 'datetime DEFAULT \'0000-00-00 00:00:00\' NOT NULL',
            'status' => 'tinyint NOT NULL default 1',
          ),
          'key' => 
          array (
            'PRIMARY KEY' => 'id_job',
            'KEY date' => 'date',
            'KEY status' => 'status',
          ),
        ),
      ),
    ),
  ),
  11 => 
  array (
    'file' => 'D:\\Programmes\\wamp\\wamp\\www\\portfolio\\ecrire\\base\\trouver_table.php',
    'line' => 73,
    'function' => 'lister_tables_objets_sql',
    'args' => 
    array (
      0 => '::md5',
    ),
  ),
  12 => 
  array (
    'file' => 'D:\\Programmes\\wamp\\wamp\\www\\portfolio\\ecrire\\base\\abstract_sql.php',
    'line' => 1289,
    'function' => 'base_trouver_table_dist',
    'args' => 
    array (
      0 => 'spip_meta',
      1 => '',
    ),
  ),
  13 => 
  array (
    'file' => 'D:\\Programmes\\wamp\\wamp\\www\\portfolio\\ecrire\\req\\mysql.php',
    'line' => 877,
    'function' => 'description_table',
    'args' => 
    array (
      0 => 'spip_meta',
      1 => '',
    ),
  ),
  14 => 
  array (
    'file' => 'D:\\Programmes\\wamp\\wamp\\www\\portfolio\\ecrire\\base\\abstract_sql.php',
    'line' => 494,
    'function' => 'spip_mysql_insertq',
    'args' => 
    array (
      0 => 'spip_meta',
      1 => 
      array (
        'nom' => 'charset',
        'valeur' => 'utf-8',
      ),
      2 => 
      array (
      ),
      3 => '',
      4 => true,
    ),
  ),
  15 => 
  array (
    'file' => 'D:\\Programmes\\wamp\\wamp\\www\\portfolio\\ecrire\\inc\\meta.php',
    'line' => 149,
    'function' => 'sql_insertq',
    'args' => 
    array (
      0 => 'spip_meta',
      1 => 
      array (
        'nom' => 'charset',
        'valeur' => 'utf-8',
      ),
    ),
  ),
  16 => 
  array (
    'file' => 'D:\\Programmes\\wamp\\wamp\\www\\portfolio\\ecrire\\inc\\meta.php',
    'line' => 72,
    'function' => 'ecrire_meta',
    'args' => 
    array (
      0 => 'charset',
      1 => 'utf-8',
      2 => NULL,
      3 => 'meta',
    ),
  ),
  17 => 
  array (
    'file' => 'D:\\Programmes\\wamp\\wamp\\www\\portfolio\\ecrire\\inc\\meta.php',
    'line' => 38,
    'function' => 'lire_metas',
    'args' => 
    array (
      0 => 'meta',
    ),
  ),
  18 => 
  array (
    'file' => 'D:\\Programmes\\wamp\\wamp\\www\\portfolio\\ecrire\\inc\\utils.php',
    'line' => 1645,
    'function' => 'inc_meta_dist',
    'args' => 
    array (
    ),
  ),
  19 => 
  array (
    'file' => 'D:\\Programmes\\wamp\\wamp\\www\\portfolio\\ecrire\\inc_version.php',
    'line' => 342,
    'function' => 'spip_initialisation_core',
    'args' => 
    array (
      0 => '../config/',
      1 => '../IMG/',
      2 => '../tmp/',
      3 => '../local/',
    ),
  ),
  20 => 
  array (
    'file' => 'D:\\Programmes\\wamp\\wamp\\www\\portfolio\\ecrire\\index.php',
    'line' => 14,
    'args' => 
    array (
      0 => 'D:\\Programmes\\wamp\\wamp\\www\\portfolio\\ecrire\\inc_version.php',
    ),
    'function' => 'include',
  ),
)
Jun 03 12:41:26 ::1 (pid 9964) :Pri:CRITIQUE: Re-entrance anormale sur lister_tables_objets_sql :array (
  0 => 
  array (
    'file' => 'D:\\Programmes\\wamp\\wamp\\www\\portfolio\\ecrire\\base\\trouver_table.php',
    'line' => 73,
    'function' => 'lister_tables_objets_sql',
    'args' => 
    array (
      0 => '::md5',
    ),
  ),
  1 => 
  array (
    'file' => 'D:\\Programmes\\wamp\\wamp\\www\\portfolio\\ecrire\\base\\abstract_sql.php',
    'line' => 1289,
    'function' => 'base_trouver_table_dist',
    'args' => 
    array (
      0 => 'spip_jobs',
      1 => '',
    ),
  ),
  2 => 
  array (
    'file' => 'D:\\Programmes\\wamp\\wamp\\www\\portfolio\\ecrire\\req\\mysql.php',
    'line' => 877,
    'function' => 'description_table',
    'args' => 
    array (
      0 => 'spip_jobs',
      1 => '',
    ),
  ),
  3 => 
  array (
    'file' => 'D:\\Programmes\\wamp\\wamp\\www\\portfolio\\ecrire\\base\\abstract_sql.php',
    'line' => 494,
    'function' => 'spip_mysql_insertq',
    'args' => 
    array (
      0 => 'spip_jobs',
      1 => 
      array (
        'fonction' => 'invalideur',
        'descriptif' => 'Tâche CRON invalideur (toutes les 600 s)',
        'args' => 'a:1:{i:0;d:1433327802;}',
        'md5args' => '596358c5ed15b06f348c5b6a0ba3e1b8',
        'inclure' => 'genie/',
        'priorite' => 0,
        'date' => '2015-06-03 12:41:26',
        'status' => 1,
      ),
      2 => 
      array (
      ),
      3 => '',
      4 => true,
    ),
  ),
  4 => 
  array (
    'file' => 'D:\\Programmes\\wamp\\wamp\\www\\portfolio\\ecrire\\inc\\queue.php',
    'line' => 92,
    'function' => 'sql_insertq',
    'args' => 
    array (
      0 => 'spip_jobs',
      1 => 
      array (
        'fonction' => 'invalideur',
        'descriptif' => 'Tâche CRON invalideur (toutes les 600 s)',
        'args' => 'a:1:{i:0;d:1433327802;}',
        'md5args' => '596358c5ed15b06f348c5b6a0ba3e1b8',
        'inclure' => 'genie/',
        'priorite' => 0,
        'date' => '2015-06-03 12:41:26',
        'status' => 1,
      ),
    ),
  ),
  5 => 
  array (
    'file' => 'D:\\Programmes\\wamp\\wamp\\www\\portfolio\\ecrire\\inc\\genie.php',
    'line' => 184,
    'function' => 'queue_add_job',
    'args' => 
    array (
      0 => 'invalideur',
      1 => 'Tâche CRON invalideur (toutes les 600 s)',
      2 => 
      array (
        0 => 1433327802,
      ),
      3 => 'genie/',
      4 => 'function_only',
      5 => 0,
      6 => 0,
    ),
  ),
  6 => 
  array (
    'file' => 'D:\\Programmes\\wamp\\wamp\\www\\portfolio\\ecrire\\inc\\genie.php',
    'line' => 145,
    'function' => 'queue_genie_replan_job',
    'args' => 
    array (
      0 => 'invalideur',
      1 => 600,
      2 => 1433327802,
      3 => 0,
    ),
  ),
  7 => 
  array (
    'file' => 'D:\\Programmes\\wamp\\wamp\\www\\portfolio\\ecrire\\inc\\plugin.php',
    'line' => 523,
    'function' => 'genie_queue_watch_dist',
    'args' => 
    array (
    ),
  ),
  8 => 
  array (
    'file' => 'D:\\Programmes\\wamp\\wamp\\www\\portfolio\\ecrire\\inc\\plugin.php',
    'line' => 430,
    'function' => 'ecrire_plugin_actifs',
    'args' => 
    array (
      0 => '',
      1 => false,
      2 => 'force',
    ),
  ),
  9 => 
  array (
    'file' => 'D:\\Programmes\\wamp\\wamp\\www\\portfolio\\ecrire\\inc\\utils.php',
    'line' => 139,
    'function' => 'actualise_plugins_actifs',
    'args' => 
    array (
    ),
  ),
  10 => 
  array (
    'file' => 'D:\\Programmes\\wamp\\wamp\\www\\portfolio\\ecrire\\base\\objets.php',
    'line' => 332,
    'function' => 'pipeline',
    'args' => 
    array (
      0 => 'declarer_tables_principales',
      1 => 
      array (
        'spip_jobs' => 
        array (
          'field' => 
          array (
            'id_job' => 'bigint(21) NOT NULL',
            'descriptif' => 'text DEFAULT \'\' NOT NULL',
            'fonction' => 'varchar(255) NOT NULL',
            'args' => 'longblob DEFAULT \'\' NOT NULL',
            'md5args' => 'char(32) NOT NULL default \'\'',
            'inclure' => 'varchar(255) NOT NULL',
            'priorite' => 'smallint(6) NOT NULL default 0',
            'date' => 'datetime DEFAULT \'0000-00-00 00:00:00\' NOT NULL',
            'status' => 'tinyint NOT NULL default 1',
          ),
          'key' => 
          array (
            'PRIMARY KEY' => 'id_job',
            'KEY date' => 'date',
            'KEY status' => 'status',
          ),
        ),
      ),
    ),
  ),
  11 => 
  array (
    'file' => 'D:\\Programmes\\wamp\\wamp\\www\\portfolio\\ecrire\\base\\trouver_table.php',
    'line' => 73,
    'function' => 'lister_tables_objets_sql',
    'args' => 
    array (
      0 => '::md5',
    ),
  ),
  12 => 
  array (
    'file' => 'D:\\Programmes\\wamp\\wamp\\www\\portfolio\\ecrire\\base\\abstract_sql.php',
    'line' => 1289,
    'function' => 'base_trouver_table_dist',
    'args' => 
    array (
      0 => 'spip_meta',
      1 => '',
    ),
  ),
  13 => 
  array (
    'file' => 'D:\\Programmes\\wamp\\wamp\\www\\portfolio\\ecrire\\req\\mysql.php',
    'line' => 877,
    'function' => 'description_table',
    'args' => 
    array (
      0 => 'spip_meta',
      1 => '',
    ),
  ),
  14 => 
  array (
    'file' => 'D:\\Programmes\\wamp\\wamp\\www\\portfolio\\ecrire\\base\\abstract_sql.php',
    'line' => 494,
    'function' => 'spip_mysql_insertq',
    'args' => 
    array (
      0 => 'spip_meta',
      1 => 
      array (
        'nom' => 'charset',
        'valeur' => 'utf-8',
      ),
      2 => 
      array (
      ),
      3 => '',
      4 => true,
    ),
  ),
  15 => 
  array (
    'file' => 'D:\\Programmes\\wamp\\wamp\\www\\portfolio\\ecrire\\inc\\meta.php',
    'line' => 149,
    'function' => 'sql_insertq',
    'args' => 
    array (
      0 => 'spip_meta',
      1 => 
      array (
        'nom' => 'charset',
        'valeur' => 'utf-8',
      ),
    ),
  ),
  16 => 
  array (
    'file' => 'D:\\Programmes\\wamp\\wamp\\www\\portfolio\\ecrire\\inc\\meta.php',
    'line' => 72,
    'function' => 'ecrire_meta',
    'args' => 
    array (
      0 => 'charset',
      1 => 'utf-8',
      2 => NULL,
      3 => 'meta',
    ),
  ),
  17 => 
  array (
    'file' => 'D:\\Programmes\\wamp\\wamp\\www\\portfolio\\ecrire\\inc\\meta.php',
    'line' => 38,
    'function' => 'lire_metas',
    'args' => 
    array (
      0 => 'meta',
    ),
  ),
  18 => 
  array (
    'file' => 'D:\\Programmes\\wamp\\wamp\\www\\portfolio\\ecrire\\inc\\utils.php',
    'line' => 1645,
    'function' => 'inc_meta_dist',
    'args' => 
    array (
    ),
  ),
  19 => 
  array (
    'file' => 'D:\\Programmes\\wamp\\wamp\\www\\portfolio\\ecrire\\inc_version.php',
    'line' => 342,
    'function' => 'spip_initialisation_core',
    'args' => 
    array (
      0 => '../config/',
      1 => '../IMG/',
      2 => '../tmp/',
      3 => '../local/',
    ),
  ),
  20 => 
  array (
    'file' => 'D:\\Programmes\\wamp\\wamp\\www\\portfolio\\ecrire\\index.php',
    'line' => 14,
    'args' => 
    array (
      0 => 'D:\\Programmes\\wamp\\wamp\\www\\portfolio\\ecrire\\inc_version.php',
    ),
    'function' => 'include',
  ),
)
Jun 03 12:41:26 ::1 (pid 9964) :Pri:CRITIQUE: Re-entrance anormale sur lister_tables_objets_sql :array (
  0 => 
  array (
    'file' => 'D:\\Programmes\\wamp\\wamp\\www\\portfolio\\ecrire\\base\\trouver_table.php',
    'line' => 73,
    'function' => 'lister_tables_objets_sql',
    'args' => 
    array (
      0 => '::md5',
    ),
  ),
  1 => 
  array (
    'file' => 'D:\\Programmes\\wamp\\wamp\\www\\portfolio\\ecrire\\base\\abstract_sql.php',
    'line' => 1289,
    'function' => 'base_trouver_table_dist',
    'args' => 
    array (
      0 => 'spip_jobs',
      1 => '',
    ),
  ),
  2 => 
  array (
    'file' => 'D:\\Programmes\\wamp\\wamp\\www\\portfolio\\ecrire\\req\\mysql.php',
    'line' => 877,
    'function' => 'description_table',
    'args' => 
    array (
      0 => 'spip_jobs',
      1 => '',
    ),
  ),
  3 => 
  array (
    'file' => 'D:\\Programmes\\wamp\\wamp\\www\\portfolio\\ecrire\\base\\abstract_sql.php',
    'line' => 494,
    'function' => 'spip_mysql_insertq',
    'args' => 
    array (
      0 => 'spip_jobs',
      1 => 
      array (
        'fonction' => 'maintenance',
        'descriptif' => 'Tâche CRON maintenance (toutes les 7200 s)',
        'args' => 'a:1:{i:0;d:1433327209;}',
        'md5args' => 'f19e4dcf3a4f10b42a9e7b1376a43d47',
        'inclure' => 'genie/',
        'priorite' => 0,
        'date' => '2015-06-03 12:41:26',
        'status' => 1,
      ),
      2 => 
      array (
      ),
      3 => '',
      4 => true,
    ),
  ),
  4 => 
  array (
    'file' => 'D:\\Programmes\\wamp\\wamp\\www\\portfolio\\ecrire\\inc\\queue.php',
    'line' => 92,
    'function' => 'sql_insertq',
    'args' => 
    array (
      0 => 'spip_jobs',
      1 => 
      array (
        'fonction' => 'maintenance',
        'descriptif' => 'Tâche CRON maintenance (toutes les 7200 s)',
        'args' => 'a:1:{i:0;d:1433327209;}',
        'md5args' => 'f19e4dcf3a4f10b42a9e7b1376a43d47',
        'inclure' => 'genie/',
        'priorite' => 0,
        'date' => '2015-06-03 12:41:26',
        'status' => 1,
      ),
    ),
  ),
  5 => 
  array (
    'file' => 'D:\\Programmes\\wamp\\wamp\\www\\portfolio\\ecrire\\inc\\genie.php',
    'line' => 184,
    'function' => 'queue_add_job',
    'args' => 
    array (
      0 => 'maintenance',
      1 => 'Tâche CRON maintenance (toutes les 7200 s)',
      2 => 
      array (
        0 => 1433327209,
      ),
      3 => 'genie/',
      4 => 'function_only',
      5 => 0,
      6 => 0,
    ),
  ),
  6 => 
  array (
    'file' => 'D:\\Programmes\\wamp\\wamp\\www\\portfolio\\ecrire\\inc\\genie.php',
    'line' => 145,
    'function' => 'queue_genie_replan_job',
    'args' => 
    array (
      0 => 'maintenance',
      1 => 7200,
      2 => 1433327209,
      3 => 0,
    ),
  ),
  7 => 
  array (
    'file' => 'D:\\Programmes\\wamp\\wamp\\www\\portfolio\\ecrire\\inc\\plugin.php',
    'line' => 523,
    'function' => 'genie_queue_watch_dist',
    'args' => 
    array (
    ),
  ),
  8 => 
  array (
    'file' => 'D:\\Programmes\\wamp\\wamp\\www\\portfolio\\ecrire\\inc\\plugin.php',
    'line' => 430,
    'function' => 'ecrire_plugin_actifs',
    'args' => 
    array (
      0 => '',
      1 => false,
      2 => 'force',
    ),
  ),
  9 => 
  array (
    'file' => 'D:\\Programmes\\wamp\\wamp\\www\\portfolio\\ecrire\\inc\\utils.php',
    'line' => 139,
    'function' => 'actualise_plugins_actifs',
    'args' => 
    array (
    ),
  ),
  10 => 
  array (
    'file' => 'D:\\Programmes\\wamp\\wamp\\www\\portfolio\\ecrire\\base\\objets.php',
    'line' => 332,
    'function' => 'pipeline',
    'args' => 
    array (
      0 => 'declarer_tables_principales',
      1 => 
      array (
        'spip_jobs' => 
        array (
          'field' => 
          array (
            'id_job' => 'bigint(21) NOT NULL',
            'descriptif' => 'text DEFAULT \'\' NOT NULL',
            'fonction' => 'varchar(255) NOT NULL',
            'args' => 'longblob DEFAULT \'\' NOT NULL',
            'md5args' => 'char(32) NOT NULL default \'\'',
            'inclure' => 'varchar(255) NOT NULL',
            'priorite' => 'smallint(6) NOT NULL default 0',
            'date' => 'datetime DEFAULT \'0000-00-00 00:00:00\' NOT NULL',
            'status' => 'tinyint NOT NULL default 1',
          ),
          'key' => 
          array (
            'PRIMARY KEY' => 'id_job',
            'KEY date' => 'date',
            'KEY status' => 'status',
          ),
        ),
      ),
    ),
  ),
  11 => 
  array (
    'file' => 'D:\\Programmes\\wamp\\wamp\\www\\portfolio\\ecrire\\base\\trouver_table.php',
    'line' => 73,
    'function' => 'lister_tables_objets_sql',
    'args' => 
    array (
      0 => '::md5',
    ),
  ),
  12 => 
  array (
    'file' => 'D:\\Programmes\\wamp\\wamp\\www\\portfolio\\ecrire\\base\\abstract_sql.php',
    'line' => 1289,
    'function' => 'base_trouver_table_dist',
    'args' => 
    array (
      0 => 'spip_meta',
      1 => '',
    ),
  ),
  13 => 
  array (
    'file' => 'D:\\Programmes\\wamp\\wamp\\www\\portfolio\\ecrire\\req\\mysql.php',
    'line' => 877,
    'function' => 'description_table',
    'args' => 
    array (
      0 => 'spip_meta',
      1 => '',
    ),
  ),
  14 => 
  array (
    'file' => 'D:\\Programmes\\wamp\\wamp\\www\\portfolio\\ecrire\\base\\abstract_sql.php',
    'line' => 494,
    'function' => 'spip_mysql_insertq',
    'args' => 
    array (
      0 => 'spip_meta',
      1 => 
      array (
        'nom' => 'charset',
        'valeur' => 'utf-8',
      ),
      2 => 
      array (
      ),
      3 => '',
      4 => true,
    ),
  ),
  15 => 
  array (
    'file' => 'D:\\Programmes\\wamp\\wamp\\www\\portfolio\\ecrire\\inc\\meta.php',
    'line' => 149,
    'function' => 'sql_insertq',
    'args' => 
    array (
      0 => 'spip_meta',
      1 => 
      array (
        'nom' => 'charset',
        'valeur' => 'utf-8',
      ),
    ),
  ),
  16 => 
  array (
    'file' => 'D:\\Programmes\\wamp\\wamp\\www\\portfolio\\ecrire\\inc\\meta.php',
    'line' => 72,
    'function' => 'ecrire_meta',
    'args' => 
    array (
      0 => 'charset',
      1 => 'utf-8',
      2 => NULL,
      3 => 'meta',
    ),
  ),
  17 => 
  array (
    'file' => 'D:\\Programmes\\wamp\\wamp\\www\\portfolio\\ecrire\\inc\\meta.php',
    'line' => 38,
    'function' => 'lire_metas',
    'args' => 
    array (
      0 => 'meta',
    ),
  ),
  18 => 
  array (
    'file' => 'D:\\Programmes\\wamp\\wamp\\www\\portfolio\\ecrire\\inc\\utils.php',
    'line' => 1645,
    'function' => 'inc_meta_dist',
    'args' => 
    array (
    ),
  ),
  19 => 
  array (
    'file' => 'D:\\Programmes\\wamp\\wamp\\www\\portfolio\\ecrire\\inc_version.php',
    'line' => 342,
    'function' => 'spip_initialisation_core',
    'args' => 
    array (
      0 => '../config/',
      1 => '../IMG/',
      2 => '../tmp/',
      3 => '../local/',
    ),
  ),
  20 => 
  array (
    'file' => 'D:\\Programmes\\wamp\\wamp\\www\\portfolio\\ecrire\\index.php',
    'line' => 14,
    'args' => 
    array (
      0 => 'D:\\Programmes\\wamp\\wamp\\www\\portfolio\\ecrire\\inc_version.php',
    ),
    'function' => 'include',
  ),
)
Jun 03 12:41:26 ::1 (pid 9964) :Pri:CRITIQUE: Re-entrance anormale sur lister_tables_objets_sql :array (
  0 => 
  array (
    'file' => 'D:\\Programmes\\wamp\\wamp\\www\\portfolio\\ecrire\\base\\trouver_table.php',
    'line' => 73,
    'function' => 'lister_tables_objets_sql',
    'args' => 
    array (
      0 => '::md5',
    ),
  ),
  1 => 
  array (
    'file' => 'D:\\Programmes\\wamp\\wamp\\www\\portfolio\\ecrire\\base\\abstract_sql.php',
    'line' => 1289,
    'function' => 'base_trouver_table_dist',
    'args' => 
    array (
      0 => 'spip_jobs',
      1 => '',
    ),
  ),
  2 => 
  array (
    'file' => 'D:\\Programmes\\wamp\\wamp\\www\\portfolio\\ecrire\\req\\mysql.php',
    'line' => 877,
    'function' => 'description_table',
    'args' => 
    array (
      0 => 'spip_jobs',
      1 => '',
    ),
  ),
  3 => 
  array (
    'file' => 'D:\\Programmes\\wamp\\wamp\\www\\portfolio\\ecrire\\base\\abstract_sql.php',
    'line' => 494,
    'function' => 'spip_mysql_insertq',
    'args' => 
    array (
      0 => 'spip_jobs',
      1 => 
      array (
        'fonction' => 'mise_a_jour',
        'descriptif' => 'Tâche CRON mise_a_jour (toutes les 259200 s)',
        'args' => 'a:1:{i:0;d:1433271765;}',
        'md5args' => '9e8a951a40ffc66bc9b9fd7d1a443e16',
        'inclure' => 'genie/',
        'priorite' => 0,
        'date' => '2015-06-03 12:41:26',
        'status' => 1,
      ),
      2 => 
      array (
      ),
      3 => '',
      4 => true,
    ),
  ),
  4 => 
  array (
    'file' => 'D:\\Programmes\\wamp\\wamp\\www\\portfolio\\ecrire\\inc\\queue.php',
    'line' => 92,
    'function' => 'sql_insertq',
    'args' => 
    array (
      0 => 'spip_jobs',
      1 => 
      array (
        'fonction' => 'mise_a_jour',
        'descriptif' => 'Tâche CRON mise_a_jour (toutes les 259200 s)',
        'args' => 'a:1:{i:0;d:1433271765;}',
        'md5args' => '9e8a951a40ffc66bc9b9fd7d1a443e16',
        'inclure' => 'genie/',
        'priorite' => 0,
        'date' => '2015-06-03 12:41:26',
        'status' => 1,
      ),
    ),
  ),
  5 => 
  array (
    'file' => 'D:\\Programmes\\wamp\\wamp\\www\\portfolio\\ecrire\\inc\\genie.php',
    'line' => 184,
    'function' => 'queue_add_job',
    'args' => 
    array (
      0 => 'mise_a_jour',
      1 => 'Tâche CRON mise_a_jour (toutes les 259200 s)',
      2 => 
      array (
        0 => 1433271765,
      ),
      3 => 'genie/',
      4 => 'function_only',
      5 => 0,
      6 => 0,
    ),
  ),
  6 => 
  array (
    'file' => 'D:\\Programmes\\wamp\\wamp\\www\\portfolio\\ecrire\\inc\\genie.php',
    'line' => 145,
    'function' => 'queue_genie_replan_job',
    'args' => 
    array (
      0 => 'mise_a_jour',
      1 => 259200,
      2 => 1433271765,
      3 => 0,
    ),
  ),
  7 => 
  array (
    'file' => 'D:\\Programmes\\wamp\\wamp\\www\\portfolio\\ecrire\\inc\\plugin.php',
    'line' => 523,
    'function' => 'genie_queue_watch_dist',
    'args' => 
    array (
    ),
  ),
  8 => 
  array (
    'file' => 'D:\\Programmes\\wamp\\wamp\\www\\portfolio\\ecrire\\inc\\plugin.php',
    'line' => 430,
    'function' => 'ecrire_plugin_actifs',
    'args' => 
    array (
      0 => '',
      1 => false,
      2 => 'force',
    ),
  ),
  9 => 
  array (
    'file' => 'D:\\Programmes\\wamp\\wamp\\www\\portfolio\\ecrire\\inc\\utils.php',
    'line' => 139,
    'function' => 'actualise_plugins_actifs',
    'args' => 
    array (
    ),
  ),
  10 => 
  array (
    'file' => 'D:\\Programmes\\wamp\\wamp\\www\\portfolio\\ecrire\\base\\objets.php',
    'line' => 332,
    'function' => 'pipeline',
    'args' => 
    array (
      0 => 'declarer_tables_principales',
      1 => 
      array (
        'spip_jobs' => 
        array (
          'field' => 
          array (
            'id_job' => 'bigint(21) NOT NULL',
            'descriptif' => 'text DEFAULT \'\' NOT NULL',
            'fonction' => 'varchar(255) NOT NULL',
            'args' => 'longblob DEFAULT \'\' NOT NULL',
            'md5args' => 'char(32) NOT NULL default \'\'',
            'inclure' => 'varchar(255) NOT NULL',
            'priorite' => 'smallint(6) NOT NULL default 0',
            'date' => 'datetime DEFAULT \'0000-00-00 00:00:00\' NOT NULL',
            'status' => 'tinyint NOT NULL default 1',
          ),
          'key' => 
          array (
            'PRIMARY KEY' => 'id_job',
            'KEY date' => 'date',
            'KEY status' => 'status',
          ),
        ),
      ),
    ),
  ),
  11 => 
  array (
    'file' => 'D:\\Programmes\\wamp\\wamp\\www\\portfolio\\ecrire\\base\\trouver_table.php',
    'line' => 73,
    'function' => 'lister_tables_objets_sql',
    'args' => 
    array (
      0 => '::md5',
    ),
  ),
  12 => 
  array (
    'file' => 'D:\\Programmes\\wamp\\wamp\\www\\portfolio\\ecrire\\base\\abstract_sql.php',
    'line' => 1289,
    'function' => 'base_trouver_table_dist',
    'args' => 
    array (
      0 => 'spip_meta',
      1 => '',
    ),
  ),
  13 => 
  array (
    'file' => 'D:\\Programmes\\wamp\\wamp\\www\\portfolio\\ecrire\\req\\mysql.php',
    'line' => 877,
    'function' => 'description_table',
    'args' => 
    array (
      0 => 'spip_meta',
      1 => '',
    ),
  ),
  14 => 
  array (
    'file' => 'D:\\Programmes\\wamp\\wamp\\www\\portfolio\\ecrire\\base\\abstract_sql.php',
    'line' => 494,
    'function' => 'spip_mysql_insertq',
    'args' => 
    array (
      0 => 'spip_meta',
      1 => 
      array (
        'nom' => 'charset',
        'valeur' => 'utf-8',
      ),
      2 => 
      array (
      ),
      3 => '',
      4 => true,
    ),
  ),
  15 => 
  array (
    'file' => 'D:\\Programmes\\wamp\\wamp\\www\\portfolio\\ecrire\\inc\\meta.php',
    'line' => 149,
    'function' => 'sql_insertq',
    'args' => 
    array (
      0 => 'spip_meta',
      1 => 
      array (
        'nom' => 'charset',
        'valeur' => 'utf-8',
      ),
    ),
  ),
  16 => 
  array (
    'file' => 'D:\\Programmes\\wamp\\wamp\\www\\portfolio\\ecrire\\inc\\meta.php',
    'line' => 72,
    'function' => 'ecrire_meta',
    'args' => 
    array (
      0 => 'charset',
      1 => 'utf-8',
      2 => NULL,
      3 => 'meta',
    ),
  ),
  17 => 
  array (
    'file' => 'D:\\Programmes\\wamp\\wamp\\www\\portfolio\\ecrire\\inc\\meta.php',
    'line' => 38,
    'function' => 'lire_metas',
    'args' => 
    array (
      0 => 'meta',
    ),
  ),
  18 => 
  array (
    'file' => 'D:\\Programmes\\wamp\\wamp\\www\\portfolio\\ecrire\\inc\\utils.php',
    'line' => 1645,
    'function' => 'inc_meta_dist',
    'args' => 
    array (
    ),
  ),
  19 => 
  array (
    'file' => 'D:\\Programmes\\wamp\\wamp\\www\\portfolio\\ecrire\\inc_version.php',
    'line' => 342,
    'function' => 'spip_initialisation_core',
    'args' => 
    array (
      0 => '../config/',
      1 => '../IMG/',
      2 => '../tmp/',
      3 => '../local/',
    ),
  ),
  20 => 
  array (
    'file' => 'D:\\Programmes\\wamp\\wamp\\www\\portfolio\\ecrire\\index.php',
    'line' => 14,
    'args' => 
    array (
      0 => 'D:\\Programmes\\wamp\\wamp\\www\\portfolio\\ecrire\\inc_version.php',
    ),
    'function' => 'include',
  ),
)
Jun 03 12:41:27 ::1 (pid 9964) :Pri:ERREUR: Erreur mysql 1146
Jun 03 12:41:27 ::1 (pid 9964) :Pri:ERREUR: Table 'spip_portfolio.spip_forum' doesn't exist - SHOW CREATE TABLE `spip_forum`
Jun 03 12:41:27 ::1 (pid 9964) :Pri:ERREUR: Erreur mysql 1146
Jun 03 12:41:27 ::1 (pid 9964) :Pri:ERREUR: Table 'spip_portfolio.spip_mots' doesn't exist - SHOW CREATE TABLE `spip_mots`
Jun 03 12:41:27 ::1 (pid 9964) :Pri:ERREUR: Erreur mysql 1146
Jun 03 12:41:27 ::1 (pid 9964) :Pri:ERREUR: Table 'spip_portfolio.spip_groupes_mots' doesn't exist - SHOW CREATE TABLE `spip_groupes_mots`
Jun 03 12:41:27 ::1 (pid 9964) :Pri:ERREUR: Erreur mysql 1146
Jun 03 12:41:27 ::1 (pid 9964) :Pri:ERREUR: Table 'spip_portfolio.spip_messages' doesn't exist - SHOW CREATE TABLE `spip_messages`
Jun 03 12:41:27 ::1 (pid 9964) :Pri:ERREUR: Erreur mysql 1146
Jun 03 12:41:27 ::1 (pid 9964) :Pri:ERREUR: Table 'spip_portfolio.spip_petitions' doesn't exist - SHOW CREATE TABLE `spip_petitions`
Jun 03 12:41:27 ::1 (pid 9964) :Pri:ERREUR: Erreur mysql 1146
Jun 03 12:41:27 ::1 (pid 9964) :Pri:ERREUR: Table 'spip_portfolio.spip_signatures' doesn't exist - SHOW CREATE TABLE `spip_signatures`
Jun 03 12:41:27 ::1 (pid 9964) :Pri:ERREUR: Erreur mysql 1146
Jun 03 12:41:27 ::1 (pid 9964) :Pri:ERREUR: Table 'spip_portfolio.spip_syndic' doesn't exist - SHOW CREATE TABLE `spip_syndic`
Jun 03 12:41:27 ::1 (pid 9964) :Pri:ERREUR: Erreur mysql 1146
Jun 03 12:41:27 ::1 (pid 9964) :Pri:ERREUR: Table 'spip_portfolio.spip_syndic_articles' doesn't exist - SHOW CREATE TABLE `spip_syndic_articles`
Jun 03 12:41:27 ::1 (pid 9964) :Pri:ERREUR: Erreur mysql 1146
Jun 03 12:41:27 ::1 (pid 9964) :Pri:ERREUR: Table 'spip_portfolio.spip_depots' doesn't exist - SHOW CREATE TABLE `spip_depots`
Jun 03 12:41:27 ::1 (pid 9964) :Pri:ERREUR: Erreur mysql 1146
Jun 03 12:41:27 ::1 (pid 9964) :Pri:ERREUR: Table 'spip_portfolio.spip_plugins' doesn't exist - SHOW CREATE TABLE `spip_plugins`
Jun 03 12:41:27 ::1 (pid 9964) :Pri:ERREUR: Erreur mysql 1146
Jun 03 12:41:27 ::1 (pid 9964) :Pri:ERREUR: Table 'spip_portfolio.spip_paquets' doesn't exist - SHOW CREATE TABLE `spip_paquets`
Jun 03 12:41:27 ::1 (pid 9964) :Pri:ERREUR: Erreur mysql 1146
Jun 03 12:41:27 ::1 (pid 9964) :Pri:ERREUR: Table 'spip_portfolio.spip_breves' doesn't exist - SHOW CREATE TABLE `spip_breves`
Jun 03 12:41:27 ::1 (pid 9964) :Pri:ERREUR: Erreur mysql 1146
Jun 03 12:41:27 ::1 (pid 9964) :Pri:ERREUR: Table 'spip_portfolio.spip_documents' doesn't exist - SHOW CREATE TABLE `spip_documents`
Jun 03 12:41:27 ::1 (pid 9964) :Pri:cf maj.log
Jun 03 12:41:28 ::1 (pid 9964) :Pri:cf maj.log
Jun 03 12:41:28 ::1 (pid 9964) :Pri:cf maj.log
Jun 03 12:41:28 ::1 (pid 9964) :Pri:cf maj.log
Jun 03 12:41:28 ::1 (pid 9964) :Pri:ERREUR: Erreur mysql 1146
Jun 03 12:41:28 ::1 (pid 9964) :Pri:ERREUR: Table 'spip_portfolio.spip_forum' doesn't exist - SHOW CREATE TABLE `spip_forum`
Jun 03 12:41:28 ::1 (pid 9964) :Pri:ERREUR: Erreur mysql 1146
Jun 03 12:41:28 ::1 (pid 9964) :Pri:ERREUR: Table 'spip_portfolio.spip_mots' doesn't exist - SHOW CREATE TABLE `spip_mots`
Jun 03 12:41:28 ::1 (pid 9964) :Pri:ERREUR: Erreur mysql 1146
Jun 03 12:41:28 ::1 (pid 9964) :Pri:ERREUR: Table 'spip_portfolio.spip_groupes_mots' doesn't exist - SHOW CREATE TABLE `spip_groupes_mots`
Jun 03 12:41:28 ::1 (pid 9964) :Pri:ERREUR: Erreur mysql 1146
Jun 03 12:41:28 ::1 (pid 9964) :Pri:ERREUR: Table 'spip_portfolio.spip_messages' doesn't exist - SHOW CREATE TABLE `spip_messages`
Jun 03 12:41:28 ::1 (pid 9964) :Pri:ERREUR: Erreur mysql 1146
Jun 03 12:41:28 ::1 (pid 9964) :Pri:ERREUR: Table 'spip_portfolio.spip_petitions' doesn't exist - SHOW CREATE TABLE `spip_petitions`
Jun 03 12:41:28 ::1 (pid 9964) :Pri:ERREUR: Erreur mysql 1146
Jun 03 12:41:28 ::1 (pid 9964) :Pri:ERREUR: Table 'spip_portfolio.spip_signatures' doesn't exist - SHOW CREATE TABLE `spip_signatures`
Jun 03 12:41:28 ::1 (pid 9964) :Pri:ERREUR: Erreur mysql 1146
Jun 03 12:41:28 ::1 (pid 9964) :Pri:ERREUR: Table 'spip_portfolio.spip_syndic' doesn't exist - SHOW CREATE TABLE `spip_syndic`
Jun 03 12:41:28 ::1 (pid 9964) :Pri:ERREUR: Erreur mysql 1146
Jun 03 12:41:28 ::1 (pid 9964) :Pri:ERREUR: Table 'spip_portfolio.spip_syndic_articles' doesn't exist - SHOW CREATE TABLE `spip_syndic_articles`
Jun 03 12:41:28 ::1 (pid 9964) :Pri:ERREUR: Erreur mysql 1146
Jun 03 12:41:28 ::1 (pid 9964) :Pri:ERREUR: Table 'spip_portfolio.spip_depots' doesn't exist - SHOW CREATE TABLE `spip_depots`
Jun 03 12:41:28 ::1 (pid 9964) :Pri:ERREUR: Erreur mysql 1146
Jun 03 12:41:28 ::1 (pid 9964) :Pri:ERREUR: Table 'spip_portfolio.spip_plugins' doesn't exist - SHOW CREATE TABLE `spip_plugins`
Jun 03 12:41:28 ::1 (pid 9964) :Pri:ERREUR: Erreur mysql 1146
Jun 03 12:41:28 ::1 (pid 9964) :Pri:ERREUR: Table 'spip_portfolio.spip_paquets' doesn't exist - SHOW CREATE TABLE `spip_paquets`
Jun 03 12:41:28 ::1 (pid 9964) :Pri:ERREUR: Erreur mysql 1146
Jun 03 12:41:28 ::1 (pid 9964) :Pri:ERREUR: Table 'spip_portfolio.spip_breves' doesn't exist - SHOW CREATE TABLE `spip_breves`
Jun 03 12:41:28 ::1 (pid 9964) :Pri:ERREUR: Erreur mysql 1146
Jun 03 12:41:28 ::1 (pid 9964) :Pri:ERREUR: Table 'spip_portfolio.spip_documents' doesn't exist - SHOW CREATE TABLE `spip_documents`
Jun 03 12:41:28 ::1 (pid 9964) :Pri:cf maj.log
Jun 03 12:41:28 ::1 (pid 9964) :Pri:cf maj.log
Jun 03 12:41:28 ::1 (pid 9964) :Pri:cf maj.log
Jun 03 12:41:28 ::1 (pid 9964) :Pri:ERREUR: Erreur mysql 1146
Jun 03 12:41:28 ::1 (pid 9964) :Pri:ERREUR: Table 'spip_portfolio.spip_forum' doesn't exist - SHOW CREATE TABLE `spip_forum`
Jun 03 12:41:28 ::1 (pid 9964) :Pri:cf maj.log
Jun 03 12:41:28 ::1 (pid 9964) :Pri:ERREUR: Erreur mysql 1146
Jun 03 12:41:28 ::1 (pid 9964) :Pri:ERREUR: Table 'spip_portfolio.spip_forum' doesn't exist - SHOW CREATE TABLE `spip_forum`
Jun 03 12:41:28 ::1 (pid 9964) :Pri:cf maj.log
Jun 03 12:41:28 ::1 (pid 9964) :Pri:cf maj.log
Jun 03 12:41:28 ::1 (pid 9964) :Pri:cf maj.log
Jun 03 12:41:28 ::1 (pid 9964) :Pri:ERREUR: Erreur mysql 1146
Jun 03 12:41:28 ::1 (pid 9964) :Pri:ERREUR: Table 'spip_portfolio.spip_mots' doesn't exist - SHOW CREATE TABLE `spip_mots`
Jun 03 12:41:28 ::1 (pid 9964) :Pri:ERREUR: Erreur mysql 1146
Jun 03 12:41:28 ::1 (pid 9964) :Pri:ERREUR: Table 'spip_portfolio.spip_groupes_mots' doesn't exist - SHOW CREATE TABLE `spip_groupes_mots`
Jun 03 12:41:28 ::1 (pid 9964) :Pri:ERREUR: Erreur mysql 1146
Jun 03 12:41:28 ::1 (pid 9964) :Pri:ERREUR: Table 'spip_portfolio.spip_messages' doesn't exist - SHOW CREATE TABLE `spip_messages`
Jun 03 12:41:28 ::1 (pid 9964) :Pri:ERREUR: Erreur mysql 1146
Jun 03 12:41:28 ::1 (pid 9964) :Pri:ERREUR: Table 'spip_portfolio.spip_petitions' doesn't exist - SHOW CREATE TABLE `spip_petitions`
Jun 03 12:41:28 ::1 (pid 9964) :Pri:ERREUR: Erreur mysql 1146
Jun 03 12:41:28 ::1 (pid 9964) :Pri:ERREUR: Table 'spip_portfolio.spip_signatures' doesn't exist - SHOW CREATE TABLE `spip_signatures`
Jun 03 12:41:28 ::1 (pid 9964) :Pri:ERREUR: Erreur mysql 1146
Jun 03 12:41:28 ::1 (pid 9964) :Pri:ERREUR: Table 'spip_portfolio.spip_syndic' doesn't exist - SHOW CREATE TABLE `spip_syndic`
Jun 03 12:41:28 ::1 (pid 9964) :Pri:ERREUR: Erreur mysql 1146
Jun 03 12:41:28 ::1 (pid 9964) :Pri:ERREUR: Table 'spip_portfolio.spip_syndic_articles' doesn't exist - SHOW CREATE TABLE `spip_syndic_articles`
Jun 03 12:41:28 ::1 (pid 9964) :Pri:ERREUR: Erreur mysql 1146
Jun 03 12:41:28 ::1 (pid 9964) :Pri:ERREUR: Table 'spip_portfolio.spip_depots' doesn't exist - SHOW CREATE TABLE `spip_depots`
Jun 03 12:41:28 ::1 (pid 9964) :Pri:ERREUR: Erreur mysql 1146
Jun 03 12:41:28 ::1 (pid 9964) :Pri:ERREUR: Table 'spip_portfolio.spip_plugins' doesn't exist - SHOW CREATE TABLE `spip_plugins`
Jun 03 12:41:28 ::1 (pid 9964) :Pri:ERREUR: Erreur mysql 1146
Jun 03 12:41:28 ::1 (pid 9964) :Pri:ERREUR: Table 'spip_portfolio.spip_paquets' doesn't exist - SHOW CREATE TABLE `spip_paquets`
Jun 03 12:41:28 ::1 (pid 9964) :Pri:ERREUR: Erreur mysql 1146
Jun 03 12:41:28 ::1 (pid 9964) :Pri:ERREUR: Table 'spip_portfolio.spip_breves' doesn't exist - SHOW CREATE TABLE `spip_breves`
Jun 03 12:41:28 ::1 (pid 9964) :Pri:ERREUR: Erreur mysql 1146
Jun 03 12:41:28 ::1 (pid 9964) :Pri:ERREUR: Table 'spip_portfolio.spip_documents' doesn't exist - SHOW CREATE TABLE `spip_documents`
Jun 03 12:41:28 ::1 (pid 9964) :Pri:cf maj.log
Jun 03 12:41:28 ::1 (pid 9964) :Pri:cf maj.log
Jun 03 12:41:28 ::1 (pid 9964) :Pri:cf maj.log
Jun 03 12:41:28 ::1 (pid 9964) :Pri:ERREUR: Erreur mysql 1146
Jun 03 12:41:28 ::1 (pid 9964) :Pri:ERREUR: Table 'spip_portfolio.spip_mots' doesn't exist - SHOW CREATE TABLE `spip_mots`
Jun 03 12:41:28 ::1 (pid 9964) :Pri:cf maj.log
Jun 03 12:41:28 ::1 (pid 9964) :Pri:ERREUR: Erreur mysql 1146
Jun 03 12:41:28 ::1 (pid 9964) :Pri:ERREUR: Table 'spip_portfolio.spip_mots' doesn't exist - SHOW CREATE TABLE `spip_mots`
Jun 03 12:41:28 ::1 (pid 9964) :Pri:ERREUR: Erreur mysql 1146
Jun 03 12:41:28 ::1 (pid 9964) :Pri:ERREUR: Table 'spip_portfolio.spip_groupes_mots' doesn't exist - SHOW CREATE TABLE `spip_groupes_mots`
Jun 03 12:41:28 ::1 (pid 9964) :Pri:ERREUR: Erreur mysql 1146
Jun 03 12:41:28 ::1 (pid 9964) :Pri:ERREUR: Table 'spip_portfolio.spip_mots_liens' doesn't exist - SHOW CREATE TABLE `spip_mots_liens`
Jun 03 12:41:29 ::1 (pid 9964) :Pri:cf maj.log
Jun 03 12:41:29 ::1 (pid 9964) :Pri:cf maj.log
Jun 03 12:41:29 ::1 (pid 9964) :Pri:cf maj.log
Jun 03 12:41:29 ::1 (pid 9964) :Pri:ERREUR: Erreur mysql 1146
Jun 03 12:41:29 ::1 (pid 9964) :Pri:ERREUR: Table 'spip_portfolio.spip_messages' doesn't exist - SHOW CREATE TABLE `spip_messages`
Jun 03 12:41:29 ::1 (pid 9964) :Pri:ERREUR: Erreur mysql 1146
Jun 03 12:41:29 ::1 (pid 9964) :Pri:ERREUR: Table 'spip_portfolio.spip_petitions' doesn't exist - SHOW CREATE TABLE `spip_petitions`
Jun 03 12:41:29 ::1 (pid 9964) :Pri:ERREUR: Erreur mysql 1146
Jun 03 12:41:29 ::1 (pid 9964) :Pri:ERREUR: Table 'spip_portfolio.spip_signatures' doesn't exist - SHOW CREATE TABLE `spip_signatures`
Jun 03 12:41:29 ::1 (pid 9964) :Pri:ERREUR: Erreur mysql 1146
Jun 03 12:41:29 ::1 (pid 9964) :Pri:ERREUR: Table 'spip_portfolio.spip_syndic' doesn't exist - SHOW CREATE TABLE `spip_syndic`
Jun 03 12:41:29 ::1 (pid 9964) :Pri:ERREUR: Erreur mysql 1146
Jun 03 12:41:29 ::1 (pid 9964) :Pri:ERREUR: Table 'spip_portfolio.spip_syndic_articles' doesn't exist - SHOW CREATE TABLE `spip_syndic_articles`
Jun 03 12:41:29 ::1 (pid 9964) :Pri:ERREUR: Erreur mysql 1146
Jun 03 12:41:29 ::1 (pid 9964) :Pri:ERREUR: Table 'spip_portfolio.spip_depots' doesn't exist - SHOW CREATE TABLE `spip_depots`
Jun 03 12:41:29 ::1 (pid 9964) :Pri:ERREUR: Erreur mysql 1146
Jun 03 12:41:29 ::1 (pid 9964) :Pri:ERREUR: Table 'spip_portfolio.spip_plugins' doesn't exist - SHOW CREATE TABLE `spip_plugins`
Jun 03 12:41:29 ::1 (pid 9964) :Pri:ERREUR: Erreur mysql 1146
Jun 03 12:41:29 ::1 (pid 9964) :Pri:ERREUR: Table 'spip_portfolio.spip_paquets' doesn't exist - SHOW CREATE TABLE `spip_paquets`
Jun 03 12:41:29 ::1 (pid 9964) :Pri:ERREUR: Erreur mysql 1146
Jun 03 12:41:29 ::1 (pid 9964) :Pri:ERREUR: Table 'spip_portfolio.spip_breves' doesn't exist - SHOW CREATE TABLE `spip_breves`
Jun 03 12:41:29 ::1 (pid 9964) :Pri:ERREUR: Erreur mysql 1146
Jun 03 12:41:29 ::1 (pid 9964) :Pri:ERREUR: Table 'spip_portfolio.spip_documents' doesn't exist - SHOW CREATE TABLE `spip_documents`
Jun 03 12:41:29 ::1 (pid 9964) :Pri:cf maj.log
Jun 04 14:31:11 ::1 (pid 9964) :Pri:ERREUR: fonction execute_pipeline_renseigner_document absente : pipeline desactive
Jun 04 14:54:02 ::1 (pid 9964) :Pri:ERREUR: fonction execute_pipeline_renseigner_document absente : pipeline desactive
Jun 04 14:54:20 ::1 (pid 9964) :Pri:ERREUR: fonction execute_pipeline_notifications_destinataires absente : pipeline desactive
Jun 04 15:28:51 ::1 (pid 9964) :Pub:ERREUR: Erreur mysql 1146
Jun 04 15:28:51 ::1 (pid 9964) :Pub:ERREUR: Table 'spip_portfolio.article' doesn't exist - SHOW CREATE TABLE `ARTICLE`
Jun 04 15:28:51 ::1 (pid 9964) :Pub:!INFO: trouver_table: table inconnue '' 'ARTICLE'
Jun 04 15:28:51 ::1 (pid 9964) :Pub:!INFO: spip_connect: fichier de connexion 'config/article.php' non trouve
Jun 04 15:41:09 ::1 (pid 9964) :Pri:ERREUR: fonction execute_pipeline_notifications_destinataires absente : pipeline desactive
Jun 04 21:44:08 ::1 (pid 13332) :Pri:ERREUR: fonction execute_pipeline_notifications_destinataires absente : pipeline desactive
Jun 05 01:09:39 ::1 (pid 13332) :Pri:ERREUR: fonction execute_pipeline_notifications_destinataires absente : pipeline desactive
Jun 05 22:49:53 ::1 (pid 14056) :Pri:ERREUR: fonction execute_pipeline_notifications_destinataires absente : pipeline desactive
Jun 05 22:50:48 ::1 (pid 14056) :Pri:ERREUR: fonction execute_pipeline_notifications_destinataires absente : pipeline desactive
Jun 05 22:51:37 ::1 (pid 14056) :Pri:ERREUR: fonction execute_pipeline_notifications_destinataires absente : pipeline desactive
Jun 05 22:53:13 ::1 (pid 14056) :Pri:ERREUR: fonction execute_pipeline_notifications_destinataires absente : pipeline desactive
Jun 05 22:58:03 ::1 (pid 14056) :Pri:ERREUR: fonction execute_pipeline_notifications_destinataires absente : pipeline desactive
Jun 05 22:59:46 ::1 (pid 14056) :Pri:ERREUR: fonction execute_pipeline_notifications_destinataires absente : pipeline desactive
Jun 05 23:00:09 ::1 (pid 14056) :Pri:ERREUR: fonction execute_pipeline_notifications_destinataires absente : pipeline desactive
Jun 05 23:01:26 ::1 (pid 14056) :Pri:ERREUR: fonction execute_pipeline_notifications_destinataires absente : pipeline desactive
Jun 05 23:01:53 ::1 (pid 14056) :Pri:ERREUR: fonction execute_pipeline_notifications_destinataires absente : pipeline desactive
Jun 05 23:10:59 ::1 (pid 14056) :Pri:ERREUR: fonction execute_pipeline_notifications_destinataires absente : pipeline desactive
Jun 06 03:41:36 ::1 (pid 14056) :Pri:ERREUR: fonction execute_pipeline_notifications_destinataires absente : pipeline desactive
Jun 06 03:53:35 ::1 (pid 14056) :Pri:ERREUR: fonction execute_pipeline_notifications_destinataires absente : pipeline desactive
Jun 06 03:55:44 ::1 (pid 14056) :Pri:ERREUR: fonction execute_pipeline_notifications_destinataires absente : pipeline desactive
Jun 06 04:04:31 ::1 (pid 14056) :Pri:ERREUR: fonction execute_pipeline_notifications_destinataires absente : pipeline desactive
Jun 06 04:47:57 ::1 (pid 14056) :Pri:ERREUR: fonction execute_pipeline_notifications_destinataires absente : pipeline desactive
Jun 06 04:57:15 ::1 (pid 14056) :Pri:ERREUR: fonction execute_pipeline_notifications_destinataires absente : pipeline desactive
Jun 06 05:02:33 ::1 (pid 14056) :Pri:ERREUR: fonction execute_pipeline_notifications_destinataires absente : pipeline desactive
